14:03:08  STARTING  base-passwd:amd64
14:03:08  FINSIH  base-passwd:amd64
14:03:08  STARTING  base-files:amd64
14:03:08  FINSIH  base-files:amd64
14:03:09  FINSIH  dpkg:amd64
14:03:09  STARTING  libc6:amd64
14:03:09  FINSIH  libc6:amd64
14:03:09  STARTING  perl-base:amd64
14:03:09  FINSIH  perl-base:amd64
14:03:09  STARTING  mawk:amd64
14:03:09  FINSIH  mawk:amd64
14:03:09  STARTING  bash:amd64
14:03:09  STARTING  bsdutils:amd64
14:03:09  STARTING  coreutils:amd64
14:03:09  STARTING  dash:amd64
14:03:09  STARTING  debconf:all
14:03:09  STARTING  debianutils:amd64
14:03:09  STARTING  diffutils:amd64
14:03:10  STARTING  e2fsprogs:amd64
14:03:10  STARTING  findutils:amd64
14:03:10  STARTING  gcc-12-base:amd64
14:03:10  STARTING  grep:amd64
14:03:10  STARTING  gzip:amd64
14:03:10  STARTING  hostname:amd64
14:03:10  STARTING  init-system-helpers:all
14:03:10  STARTING  libacl1:amd64
14:03:10  STARTING  libattr1:amd64
14:03:10  STARTING  libaudit-common:all
14:03:10  STARTING  libaudit1:amd64
14:03:10  STARTING  libblkid1:amd64
14:03:10  STARTING  libbz2-1.0:amd64
14:03:10  STARTING  libc-bin:amd64
14:03:10  STARTING  libcap-ng0:amd64
14:03:10  STARTING  libcap2:amd64
14:03:10  STARTING  libcom-err2:amd64
14:03:10  STARTING  libcrypt1:amd64
14:03:10  STARTING  libdb5.3:amd64
14:03:10  STARTING  libdebconfclient0:amd64
14:03:10  STARTING  libext2fs2:amd64
14:03:10  STARTING  libgcc-s1:amd64
14:03:10  STARTING  libgcrypt20:amd64
14:03:10  STARTING  libgmp10:amd64
14:03:10  STARTING  libgpg-error0:amd64
14:03:10  STARTING  libgssapi-krb5-2:amd64
14:03:10  STARTING  libk5crypto3:amd64
14:03:10  STARTING  libkeyutils1:amd64
14:03:10  STARTING  libkrb5-3:amd64
14:03:10  STARTING  libkrb5support0:amd64
14:03:10  STARTING  liblz4-1:amd64
14:03:11  STARTING  liblzma5:amd64
14:03:11  STARTING  libmount1:amd64
14:03:11  STARTING  libncurses6:amd64
14:03:11  STARTING  libncursesw6:amd64
14:03:11  STARTING  libnsl2:amd64
14:03:11  STARTING  libpam-modules:amd64
14:03:11  STARTING  libpam-modules-bin:amd64
14:03:11  STARTING  libpam-runtime:all
14:03:11  STARTING  libpam0g:amd64
14:03:11  STARTING  libpcre2-8-0:amd64
14:03:11  STARTING  libpcre3:amd64
14:03:11  STARTING  libprocps8:amd64
14:03:11  STARTING  libselinux1:amd64
14:03:11  STARTING  libsemanage-common:all
14:03:11  STARTING  libsemanage2:amd64
14:03:11  STARTING  libsepol2:amd64
14:03:11  STARTING  libsmartcols1:amd64
14:03:11  STARTING  libss2:amd64
14:03:11  STARTING  libssl3:amd64
14:03:11  STARTING  libsystemd0:amd64
14:03:11  STARTING  libtinfo6:amd64
14:03:11  STARTING  libtirpc-common:all
14:03:11  STARTING  libtirpc3:amd64
14:03:11  STARTING  libudev1:amd64
14:03:11  STARTING  libuuid1:amd64
14:03:11  STARTING  libzstd1:amd64
14:03:11  STARTING  login:amd64
14:03:11  STARTING  logsave:amd64
14:03:11  STARTING  lsb-base:all
14:03:11  STARTING  mount:amd64
14:03:11  STARTING  ncurses-base:all
14:03:12  STARTING  ncurses-bin:amd64
14:03:12  STARTING  passwd:amd64
14:03:12  STARTING  procps:amd64
14:03:12  STARTING  sed:amd64
14:03:12  STARTING  sensible-utils:all
14:03:12  STARTING  sysvinit-utils:amd64
14:03:12  STARTING  tar:amd64
14:03:12  STARTING  usrmerge:all
14:03:12  STARTING  util-linux:amd64
14:03:12  STARTING  zlib1g:amd64
14:03:12  FINSIH  lsb-base:all
14:03:12  FINSIH  libtirpc-common:all
14:03:12  FINSIH  libaudit-common:all
14:03:12  FINSIH  libsemanage-common:all
14:03:12  FINSIH  gcc-12-base:amd64
14:03:12  FINSIH  ncurses-base:all
14:03:12  FINSIH  sensible-utils:all
14:03:12  FINSIH  libcrypt1:amd64
14:03:12  FINSIH  libgcc-s1:amd64
14:03:12  FINSIH  libc6:amd64
14:03:12  FINSIH  libudev1:amd64
14:03:12  FINSIH  libattr1:amd64
14:03:12  FINSIH  sysvinit-utils:amd64
14:03:12  FINSIH  debianutils:amd64
14:03:12  FINSIH  mawk:amd64
14:03:12  FINSIH  libdebconfclient0:amd64
14:03:12  FINSIH  base-files:amd64
14:03:12  FINSIH  libbz2-1.0:amd64
14:03:12  FINSIH  base-passwd:amd64
14:03:12  FINSIH  libdb5.3:amd64
14:03:12  FINSIH  libblkid1:amd64
14:03:12  FINSIH  libtinfo6:amd64
14:03:12  FINSIH  bash:amd64
14:03:12  FINSIH  libzstd1:amd64
14:03:12  FINSIH  libkeyutils1:amd64
14:03:13  FINSIH  liblzma5:amd64
14:03:13  FINSIH  libgpg-error0:amd64
14:03:13  FINSIH  liblz4-1:amd64
14:03:13  FINSIH  libc-bin:amd64
14:03:13  FINSIH  ncurses-bin:amd64
14:03:13  FINSIH  libacl1:amd64
14:03:13  FINSIH  libsmartcols1:amd64
14:03:13  FINSIH  libgcrypt20:amd64
14:03:13  FINSIH  zlib1g:amd64
14:03:13  FINSIH  libcom-err2:amd64
14:03:13  FINSIH  diffutils:amd64
14:03:13  FINSIH  libcap2:amd64
14:03:13  FINSIH  libkrb5support0:amd64
14:03:13  FINSIH  hostname:amd64
14:03:13  FINSIH  libpcre3:amd64
14:03:13  FINSIH  libcap-ng0:amd64
14:03:13  FINSIH  libext2fs2:amd64
14:03:13  FINSIH  libgmp10:amd64
14:03:13  FINSIH  libncurses6:amd64
14:03:13  FINSIH  libaudit1:amd64
14:03:13  FINSIH  libuuid1:amd64
14:03:13  FINSIH  libss2:amd64
14:03:13  FINSIH  libsepol2:amd64
14:03:13  FINSIH  libpcre2-8-0:amd64
14:03:13  FINSIH  libncursesw6:amd64
14:03:13  FINSIH  libk5crypto3:amd64
14:03:13  FINSIH  logsave:amd64
14:03:13  FINSIH  e2fsprogs:amd64
14:03:13  FINSIH  libsystemd0:amd64
14:03:13  FINSIH  libselinux1:amd64
14:03:13  FINSIH  sed:amd64
14:03:13  FINSIH  findutils:amd64
14:03:13  FINSIH  libmount1:amd64
14:03:13  FINSIH  libsemanage2:amd64
14:03:13  FINSIH  libprocps8:amd64
14:03:13  FINSIH  bsdutils:amd64
14:03:13  FINSIH  tar:amd64
14:03:13  FINSIH  coreutils:amd64
14:03:13  FINSIH  dpkg:amd64
14:03:13  FINSIH  mount:amd64
14:03:13  FINSIH  grep:amd64
14:03:13  FINSIH  perl-base:amd64
14:03:13  FINSIH  init-system-helpers:all
14:03:13  FINSIH  gzip:amd64
14:03:13  FINSIH  usrmerge:all
14:03:13  FINSIH  procps:amd64
14:03:13  FINSIH  debconf:all
14:03:13  FINSIH  libpam0g:amd64
14:03:13  FINSIH  util-linux:amd64
14:03:14  FINSIH  dash:amd64
14:03:14  FINSIH  libpam-modules-bin:amd64
14:03:14  FINSIH  libssl3:amd64
14:03:14  FINSIH  libkrb5-3:amd64
14:03:14  FINSIH  libgssapi-krb5-2:amd64
14:03:14  FINSIH  libtirpc3:amd64
14:03:14  FINSIH  libnsl2:amd64
14:03:14  FINSIH  libpam-modules:amd64
14:03:14  FINSIH  passwd:amd64
14:03:14  FINSIH  libpam-runtime:all
14:03:14  FINSIH  login:amd64
14:03:14  FINSIH  libc-bin:amd64
14:03:14  STARTING  adduser:all
14:03:14  STARTING  apt:amd64
14:03:14  STARTING  gpgv:amd64
14:03:14  STARTING  libapt-pkg6.0:amd64
14:03:14  STARTING  libffi8:amd64
14:03:14  STARTING  libgnutls30:amd64
14:03:14  STARTING  libhogweed6:amd64
14:03:14  STARTING  libidn2-0:amd64
14:03:14  STARTING  libnettle8:amd64
14:03:14  STARTING  libp11-kit0:amd64
14:03:14  STARTING  libseccomp2:amd64
14:03:14  STARTING  libstdc++6:amd64
14:03:14  STARTING  libtasn1-6:amd64
14:03:14  STARTING  libunistring2:amd64
14:03:14  STARTING  libxxhash0:amd64
14:03:14  STARTING  ubuntu-keyring:all
14:03:15  FINSIH  libc-bin:amd64
14:03:15  FINSIH  adduser:all
14:03:15  FINSIH  libunistring2:amd64
14:03:15  FINSIH  libidn2-0:amd64
14:03:15  FINSIH  ubuntu-keyring:all
14:03:15  FINSIH  libseccomp2:amd64
14:03:15  FINSIH  libnettle8:amd64
14:03:15  FINSIH  libffi8:amd64
14:03:15  FINSIH  gpgv:amd64
14:03:15  FINSIH  libxxhash0:amd64
14:03:15  FINSIH  libtasn1-6:amd64
14:03:15  FINSIH  libstdc++6:amd64
14:03:15  FINSIH  libhogweed6:amd64
14:03:15  FINSIH  libapt-pkg6.0:amd64
14:03:15  FINSIH  libp11-kit0:amd64
14:03:15  FINSIH  libgnutls30:amd64
14:03:15  FINSIH  apt:amd64
14:03:15  FINSIH  libc-bin:amd64
14:03:17  FINSIH  adduser:all
14:03:19  FINSIH  apt:amd64
14:03:19  FINSIH  libc-bin:amd64
14:03:21  FINSIH  base-files:amd64
14:03:23  FINSIH  base-passwd:amd64
14:03:25  FINSIH  bash:amd64
14:03:27  FINSIH  bsdutils:amd64
14:03:29  FINSIH  coreutils:amd64
14:03:31  FINSIH  dash:amd64
14:03:33  FINSIH  debconf:all
14:03:35  FINSIH  debianutils:amd64
14:03:37  FINSIH  diffutils:amd64
14:03:39  FINSIH  dpkg:amd64
14:03:41  FINSIH  e2fsprogs:amd64
14:03:43  FINSIH  findutils:amd64
14:03:45  FINSIH  gcc-12-base:amd64
14:03:46  FINSIH  gpgv:amd64
14:03:48  FINSIH  grep:amd64
14:03:50  FINSIH  gzip:amd64
14:03:52  FINSIH  hostname:amd64
14:03:54  FINSIH  init-system-helpers:all
14:03:56  FINSIH  libacl1:amd64
14:03:56  FINSIH  libc-bin:amd64
14:03:57  FINSIH  libapt-pkg6.0:amd64
14:03:58  FINSIH  libc-bin:amd64
14:03:59  FINSIH  libattr1:amd64
14:03:59  FINSIH  libc-bin:amd64
14:04:01  FINSIH  libaudit-common:all
14:04:03  FINSIH  libaudit1:amd64
14:04:03  FINSIH  libc-bin:amd64
14:04:05  FINSIH  libblkid1:amd64
14:04:05  FINSIH  libc-bin:amd64
14:04:07  FINSIH  libbz2-1.0:amd64
14:04:07  FINSIH  libc-bin:amd64
14:04:09  FINSIH  libc-bin:amd64
14:04:12  FINSIH  libc6:amd64
14:04:12  FINSIH  libc-bin:amd64
14:04:14  FINSIH  libcap-ng0:amd64
14:04:14  FINSIH  libc-bin:amd64
14:04:16  FINSIH  libcap2:amd64
14:04:16  FINSIH  libc-bin:amd64
14:04:17  FINSIH  libcom-err2:amd64
14:04:17  FINSIH  libc-bin:amd64
14:04:19  FINSIH  libcrypt1:amd64
14:04:19  FINSIH  libc-bin:amd64
14:04:21  FINSIH  libdb5.3:amd64
14:04:21  FINSIH  libc-bin:amd64
14:04:23  FINSIH  libdebconfclient0:amd64
14:04:23  FINSIH  libc-bin:amd64
14:04:25  FINSIH  libext2fs2:amd64
14:04:25  FINSIH  libc-bin:amd64
14:04:27  FINSIH  libffi8:amd64
14:04:27  FINSIH  libc-bin:amd64
14:04:29  FINSIH  libgcc-s1:amd64
14:04:29  FINSIH  libc-bin:amd64
14:04:31  FINSIH  libgcrypt20:amd64
14:04:31  FINSIH  libc-bin:amd64
14:04:33  FINSIH  libgmp10:amd64
14:04:33  FINSIH  libc-bin:amd64
14:04:35  FINSIH  libgnutls30:amd64
14:04:35  FINSIH  libc-bin:amd64
14:04:37  FINSIH  libgpg-error0:amd64
14:04:37  FINSIH  libc-bin:amd64
14:04:38  FINSIH  libgssapi-krb5-2:amd64
14:04:39  FINSIH  libc-bin:amd64
14:04:40  FINSIH  libhogweed6:amd64
14:04:40  FINSIH  libc-bin:amd64
14:04:42  FINSIH  libidn2-0:amd64
14:04:42  FINSIH  libc-bin:amd64
14:04:44  FINSIH  libk5crypto3:amd64
14:04:44  FINSIH  libc-bin:amd64
14:04:46  FINSIH  libkeyutils1:amd64
14:04:46  FINSIH  libc-bin:amd64
14:04:48  FINSIH  libkrb5-3:amd64
14:04:48  FINSIH  libc-bin:amd64
14:04:49  FINSIH  libkrb5support0:amd64
14:04:50  FINSIH  libc-bin:amd64
14:04:51  FINSIH  liblz4-1:amd64
14:04:51  FINSIH  libc-bin:amd64
14:04:53  FINSIH  liblzma5:amd64
14:04:53  FINSIH  libc-bin:amd64
14:04:55  FINSIH  libmount1:amd64
14:04:55  FINSIH  libc-bin:amd64
14:04:57  FINSIH  libncurses6:amd64
14:04:57  FINSIH  libc-bin:amd64
14:04:59  FINSIH  libncursesw6:amd64
14:04:59  FINSIH  libc-bin:amd64
14:05:01  FINSIH  libnettle8:amd64
14:05:01  FINSIH  libc-bin:amd64
14:05:02  FINSIH  libnsl2:amd64
14:05:03  FINSIH  libc-bin:amd64
14:05:04  FINSIH  libp11-kit0:amd64
14:05:04  FINSIH  libc-bin:amd64
14:05:06  FINSIH  libpam-modules:amd64
14:05:08  FINSIH  libpam-modules-bin:amd64
14:05:10  FINSIH  libpam-runtime:all
14:05:12  FINSIH  libpam0g:amd64
14:05:12  FINSIH  libc-bin:amd64
14:05:14  FINSIH  libpcre2-8-0:amd64
14:05:14  FINSIH  libc-bin:amd64
14:05:16  FINSIH  libpcre3:amd64
14:05:16  FINSIH  libc-bin:amd64
14:05:18  FINSIH  libprocps8:amd64
14:05:18  FINSIH  libc-bin:amd64
14:05:19  FINSIH  libseccomp2:amd64
14:05:20  FINSIH  libc-bin:amd64
14:05:21  FINSIH  libselinux1:amd64
14:05:22  FINSIH  libc-bin:amd64
14:05:23  FINSIH  libsemanage-common:all
14:05:25  FINSIH  libsemanage2:amd64
14:05:25  FINSIH  libc-bin:amd64
14:05:27  FINSIH  libsepol2:amd64
14:05:27  FINSIH  libc-bin:amd64
14:05:29  FINSIH  libsmartcols1:amd64
14:05:29  FINSIH  libc-bin:amd64
14:05:31  FINSIH  libss2:amd64
14:05:31  FINSIH  libc-bin:amd64
14:05:33  FINSIH  libssl3:amd64
14:05:33  FINSIH  libc-bin:amd64
14:05:35  FINSIH  libstdc++6:amd64
14:05:35  FINSIH  libc-bin:amd64
14:05:37  FINSIH  libsystemd0:amd64
14:05:37  FINSIH  libc-bin:amd64
14:05:38  FINSIH  libtasn1-6:amd64
14:05:39  FINSIH  libc-bin:amd64
14:05:40  FINSIH  libtinfo6:amd64
14:05:41  FINSIH  libc-bin:amd64
14:05:42  FINSIH  libtirpc-common:all
14:05:44  FINSIH  libtirpc3:amd64
14:05:44  FINSIH  libc-bin:amd64
14:05:46  FINSIH  libudev1:amd64
14:05:46  FINSIH  libc-bin:amd64
14:05:48  FINSIH  libunistring2:amd64
14:05:48  FINSIH  libc-bin:amd64
14:05:49  FINSIH  libuuid1:amd64
14:05:50  FINSIH  libc-bin:amd64
14:05:51  FINSIH  libxxhash0:amd64
14:05:52  FINSIH  libc-bin:amd64
14:05:53  FINSIH  libzstd1:amd64
14:05:53  FINSIH  libc-bin:amd64
14:05:55  FINSIH  login:amd64
14:05:57  FINSIH  logsave:amd64
14:06:00  FINSIH  lsb-base:all
14:06:02  FINSIH  mawk:amd64
14:06:03  FINSIH  mount:amd64
14:06:05  FINSIH  ncurses-base:all
14:06:07  FINSIH  ncurses-bin:amd64
14:06:09  FINSIH  passwd:amd64
14:06:11  FINSIH  perl-base:amd64
14:06:13  FINSIH  procps:amd64
14:06:15  FINSIH  sed:amd64
14:06:17  FINSIH  sensible-utils:all
14:06:18  FINSIH  sysvinit-utils:amd64
14:06:20  FINSIH  tar:amd64
14:06:22  FINSIH  ubuntu-keyring:all
14:06:24  FINSIH  usrmerge:all
14:06:26  FINSIH  util-linux:amd64
14:06:28  FINSIH  zlib1g:amd64
14:06:28  FINSIH  libc-bin:amd64
14:06:33  FINSIH  gcc-12-base:amd64
14:06:33  FINSIH  libgcc-s1:amd64
14:06:33  FINSIH  libstdc++6:amd64
14:06:33  FINSIH  libc6:amd64
14:06:34  FINSIH  base-files:amd64
14:06:34  FINSIH  libsystemd0:amd64
14:06:34  FINSIH  libudev1:amd64
14:06:34  FINSIH  zlib1g:amd64
14:06:34  FINSIH  libapt-pkg6.0:amd64
14:06:34  FINSIH  tar:amd64
14:06:34  FINSIH  dpkg:amd64
14:06:34  FINSIH  gzip:amd64
14:06:34  FINSIH  login:amd64
14:06:34  FINSIH  ncurses-bin:amd64
14:06:34  FINSIH  perl-base:amd64
14:06:35  FINSIH  libc-bin:amd64
14:06:35  FINSIH  ncurses-base:all
14:06:35  FINSIH  gpgv:amd64
14:06:35  FINSIH  libgnutls30:amd64
14:06:35  FINSIH  apt:amd64
14:06:35  FINSIH  libpam0g:amd64
14:06:35  FINSIH  libpam-modules-bin:amd64
14:06:35  FINSIH  libpam-modules:amd64
14:06:35  FINSIH  libext2fs2:amd64
14:06:35  FINSIH  libcap2:amd64
14:06:36  FINSIH  libcom-err2:amd64
14:06:36  FINSIH  libk5crypto3:amd64
14:06:36  FINSIH  libkrb5support0:amd64
14:06:36  FINSIH  libkrb5-3:amd64
14:06:36  FINSIH  libgssapi-krb5-2:amd64
14:06:36  FINSIH  libssl3:amd64
14:06:36  FINSIH  libpam-runtime:all
14:06:36  FINSIH  libpcre2-8-0:amd64
14:06:36  FINSIH  libpcre3:amd64
14:06:36  FINSIH  libtinfo6:amd64
14:06:36  FINSIH  libtirpc-common:all
14:06:36  FINSIH  libtirpc3:amd64
14:06:36  FINSIH  passwd:amd64
14:06:37  FINSIH  libncurses6:amd64
14:06:37  FINSIH  libss2:amd64
14:06:37  FINSIH  libncursesw6:amd64
14:06:37  FINSIH  logsave:amd64
14:06:37  FINSIH  libprocps8:amd64
14:06:37  FINSIH  e2fsprogs:amd64
14:06:37  FINSIH  procps:amd64
14:06:37  FINSIH  libc-bin:amd64
19:33:51  FINSIH  libssl3:amd64
19:33:51  FINSIH  libc-bin:amd64
19:34:58  FINSIH  mawk:amd64
19:34:58  FINSIH  base-files:amd64
19:34:59  FINSIH  debianutils:amd64
19:34:59  FINSIH  bash:amd64
19:34:59  FINSIH  bsdutils:amd64
19:34:59  FINSIH  coreutils:amd64
19:34:59  FINSIH  tar:amd64
19:34:59  FINSIH  dpkg:amd64
19:35:01  FINSIH  perl-base:amd64
19:35:01  FINSIH  debconf:all
19:35:01  FINSIH  dash:amd64
19:35:01  FINSIH  diffutils:amd64
19:35:01  FINSIH  findutils:amd64
19:35:01  FINSIH  libpcre3:amd64
19:35:01  FINSIH  grep:amd64
19:35:02  FINSIH  gzip:amd64
19:35:02  FINSIH  hostname:amd64
19:35:02  FINSIH  libpam-modules-bin:amd64
19:35:02  FINSIH  libpam-modules:amd64
19:35:02  FINSIH  libpam-runtime:all
19:35:02  FINSIH  login:amd64
19:35:02  FINSIH  ncurses-bin:amd64
19:35:02  FINSIH  sed:amd64
19:35:03  FINSIH  util-linux:amd64
19:35:03  FINSIH  base-passwd:amd64
19:35:03  FINSIH  init-system-helpers:all
19:35:03  FINSIH  libc-bin:amd64
19:35:03  FINSIH  sysvinit-utils:amd64
19:35:04  FINSIH  passwd:amd64
19:35:04  FINSIH  adduser:all
19:35:04  FINSIH  gpgv:amd64
19:35:04  FINSIH  apt:amd64
19:35:05  FINSIH  libaudit-common:all
19:35:05  FINSIH  libsemanage-common:all
19:35:05  FINSIH  libtirpc-common:all
19:35:05  FINSIH  logsave:amd64
19:35:05  FINSIH  mount:amd64
19:35:05  FINSIH  sensible-utils:all
19:35:05  FINSIH  procps:amd64
19:35:05  FINSIH  e2fsprogs:amd64
19:35:05  FINSIH  libc-bin:amd64
19:35:35  FINSIH  ncurses-base:all
19:35:35  FINSIH  gcc-12-base:amd64
19:35:37  FINSIH  libc6:amd64
19:35:37  FINSIH  libdb5.3:amd64
19:35:37  FINSIH  libgpg-error0:amd64
19:35:37  FINSIH  libgcrypt20:amd64
19:35:37  FINSIH  libgmp10:amd64
19:35:37  FINSIH  libkrb5-3:amd64
19:35:37  FINSIH  liblzma5:amd64
19:35:38  FINSIH  libpam0g:amd64
19:35:38  FINSIH  libpcre2-8-0:amd64
19:35:38  FINSIH  libtinfo6:amd64
19:35:38  FINSIH  libtirpc3:amd64
19:35:38  FINSIH  lsb-base:all
19:35:38  FINSIH  libapt-pkg6.0:amd64
19:35:38  FINSIH  libidn2-0:amd64
19:35:38  FINSIH  libnettle8:amd64
19:35:38  FINSIH  libp11-kit0:amd64
19:35:38  FINSIH  libtasn1-6:amd64
19:35:38  FINSIH  libgnutls30:amd64
19:35:38  FINSIH  usrmerge:all
19:35:38  FINSIH  libprocps8:amd64
19:35:38  FINSIH  libc-bin:amd64
19:35:50  STARTING  bsdextrautils:amd64
19:35:50  STARTING  libuchardet0:amd64
19:35:50  STARTING  groff-base:amd64
19:35:50  STARTING  libgdbm6:amd64
19:35:50  STARTING  libpipeline1:amd64
19:35:50  STARTING  man-db:amd64
19:35:51  FINSIH  libpipeline1:amd64
19:35:51  FINSIH  bsdextrautils:amd64
19:35:51  FINSIH  libuchardet0:amd64
19:35:51  FINSIH  libgdbm6:amd64
19:35:51  FINSIH  groff-base:amd64
19:35:51  FINSIH  man-db:amd64
19:35:51  FINSIH  libc-bin:amd64
19:35:55  STARTING  sudo:amd64
19:35:55  FINSIH  sudo:amd64
19:35:55  FINSIH  man-db:amd64
19:35:55  FINSIH  libc-bin:amd64
19:35:59  STARTING  nano:amd64
19:35:59  FINSIH  nano:amd64
19:35:59  FINSIH  man-db:amd64
19:36:25  STARTING  libexpat1:amd64
19:36:25  STARTING  libmpdec3:amd64
19:36:25  STARTING  libpython3.10-minimal:amd64
19:36:25  STARTING  media-types:all
19:36:25  STARTING  readline-common:all
19:36:25  STARTING  libreadline8:amd64
19:36:25  STARTING  libsqlite3-0:amd64
19:36:25  STARTING  libpython3.10-stdlib:amd64
19:36:25  STARTING  xxd:amd64
19:36:25  STARTING  vim-common:all
19:36:25  STARTING  libgpm2:amd64
19:36:25  STARTING  libpython3.10:amd64
19:36:25  STARTING  libsodium23:amd64
19:36:25  STARTING  vim-runtime:all
19:36:26  STARTING  vim:amd64
19:36:26  FINSIH  libexpat1:amd64
19:36:26  FINSIH  media-types:all
19:36:26  FINSIH  libsodium23:amd64
19:36:26  FINSIH  libgpm2:amd64
19:36:26  FINSIH  libsqlite3-0:amd64
19:36:26  FINSIH  xxd:amd64
19:36:26  FINSIH  vim-common:all
19:36:26  FINSIH  libpython3.10-minimal:amd64
19:36:26  FINSIH  libmpdec3:amd64
19:36:26  FINSIH  vim-runtime:all
19:36:26  FINSIH  readline-common:all
19:36:26  FINSIH  libreadline8:amd64
19:36:26  FINSIH  libpython3.10-stdlib:amd64
19:36:26  FINSIH  libpython3.10:amd64
19:36:26  FINSIH  vim:amd64
19:36:26  FINSIH  man-db:amd64
19:36:26  FINSIH  libc-bin:amd64
19:36:44  STARTING  perl-modules-5.34:all
19:36:44  STARTING  libgdbm-compat4:amd64
19:36:45  STARTING  libperl5.34:amd64
19:36:45  STARTING  perl:amd64
19:36:45  STARTING  netbase:all
19:36:45  STARTING  libev4:amd64
19:36:45  STARTING  libfsplib0:amd64
19:36:45  STARTING  libidn12:amd64
19:36:45  STARTING  liblua5.1-0:amd64
19:36:45  STARTING  libtre5:amd64
19:36:45  STARTING  elinks-data:all
19:36:45  STARTING  elinks:amd64
19:36:45  FINSIH  libtre5:amd64
19:36:45  FINSIH  elinks-data:all
19:36:45  FINSIH  libev4:amd64
19:36:45  FINSIH  libfsplib0:amd64
19:36:45  FINSIH  perl-modules-5.34:all
19:36:45  FINSIH  libidn12:amd64
19:36:45  FINSIH  libgdbm-compat4:amd64
19:36:45  FINSIH  liblua5.1-0:amd64
19:36:45  FINSIH  netbase:all
19:36:45  FINSIH  libperl5.34:amd64
19:36:45  FINSIH  elinks:amd64
19:36:45  FINSIH  perl:amd64
19:36:45  FINSIH  man-db:amd64
19:36:45  FINSIH  libc-bin:amd64
