2024-05-03_09:20:08
MiB Mem :   7613.1 total,   5071.7 free,   1042.1 used,   1767.8 buff/cache     
MiB Swap:   2048.0 total,   2038.4 free,      9.6 used.   6571.1 avail Mem 
   1835 root      20   0   43032  41576   3048 R 100.0   0.5   0:00.40 mem.bash
      1 user      20   0    4588   3372   3372 S   0.0   0.0   0:00.04 bash
     16 daemon    20   0    3780      0      0 S   0.0   0.0   0:00.00 atd
     17 user      20   0    4588   3336   3336 S   0.0   0.0   0:00.00 bash
     26 root      20   0    4760   2664   2664 S   0.0   0.0   0:00.00 su
     27 root      20   0    5120   3456   3456 S   0.0   0.0   0:00.16 bash
   1834 root      20   0    4752   3228   2984 S   0.0   0.0   0:00.00 monitoring.bash
   1839 root      20   0    4492   3200   2148 S   0.0   0.0   0:00.00 watch


2024-05-03_09:20:09
MiB Mem :   7613.1 total,   4946.7 free,   1167.0 used,   1767.9 buff/cache     
MiB Swap:   2048.0 total,   2038.4 free,      9.6 used.   6446.2 avail Mem 
   1835 root      20   0  170676 169160   3112 R  90.0   2.2   0:01.81 mem.bash
      1 user      20   0    4588   3372   3372 S   0.0   0.0   0:00.04 bash
     16 daemon    20   0    3780      0      0 S   0.0   0.0   0:00.00 atd
     17 user      20   0    4588   3336   3336 S   0.0   0.0   0:00.00 bash
     26 root      20   0    4760   2664   2664 S   0.0   0.0   0:00.00 su
     27 root      20   0    5120   3456   3456 S   0.0   0.0   0:00.16 bash
   1834 root      20   0    4752   3228   2984 S   0.0   0.0   0:00.00 monitoring.bash
   1839 root      20   0    4492   3360   2192 S   0.0   0.0   0:00.00 watch


2024-05-03_09:20:11
MiB Mem :   7613.1 total,   4820.3 free,   1293.4 used,   1767.9 buff/cache     
MiB Swap:   2048.0 total,   2038.4 free,      9.6 used.   6319.8 avail Mem 
   1835 root      20   0  300960 299448   3112 R 100.0   3.8   0:03.25 mem.bash
      1 user      20   0    4588   3372   3372 S   0.0   0.0   0:00.04 bash
     16 daemon    20   0    3780      0      0 S   0.0   0.0   0:00.00 atd
     17 user      20   0    4588   3336   3336 S   0.0   0.0   0:00.00 bash
     26 root      20   0    4760   2664   2664 S   0.0   0.0   0:00.00 su
     27 root      20   0    5120   3456   3456 S   0.0   0.0   0:00.16 bash
   1834 root      20   0    4752   3228   2984 S   0.0   0.0   0:00.00 monitoring.bash
   1839 root      20   0    4492   3360   2192 S   0.0   0.0   0:00.00 watch


2024-05-03_09:20:12
MiB Mem :   7613.1 total,   4689.8 free,   1423.9 used,   1767.9 buff/cache     
MiB Swap:   2048.0 total,   2038.4 free,      9.6 used.   6189.3 avail Mem 
   1835 root      20   0  434280 432748   3112 R 100.0   5.6   0:04.66 mem.bash
      1 user      20   0    4588   3372   3372 S   0.0   0.0   0:00.04 bash
     16 daemon    20   0    3780      0      0 S   0.0   0.0   0:00.00 atd
     17 user      20   0    4588   3336   3336 S   0.0   0.0   0:00.00 bash
     26 root      20   0    4760   2664   2664 S   0.0   0.0   0:00.00 su
     27 root      20   0    5120   3456   3456 S   0.0   0.0   0:00.16 bash
   1834 root      20   0    4752   3228   2984 S   0.0   0.0   0:00.00 monitoring.bash
   1839 root      20   0    4492   3364   2192 S   0.0   0.0   0:00.00 watch


2024-05-03_09:20:14
MiB Mem :   7613.1 total,   4559.9 free,   1553.8 used,   1767.9 buff/cache     
MiB Swap:   2048.0 total,   2038.4 free,      9.6 used.   6059.4 avail Mem 
   1835 root      20   0  566016 564444   3112 R  90.9   7.2   0:06.08 mem.bash
      1 user      20   0    4588   3372   3372 S   0.0   0.0   0:00.04 bash
     16 daemon    20   0    3780      0      0 S   0.0   0.0   0:00.00 atd
     17 user      20   0    4588   3336   3336 S   0.0   0.0   0:00.00 bash
     26 root      20   0    4760   2664   2664 S   0.0   0.0   0:00.00 su
     27 root      20   0    5120   3456   3456 S   0.0   0.0   0:00.16 bash
   1834 root      20   0    4752   3228   2984 S   0.0   0.0   0:00.00 monitoring.bash
   1839 root      20   0    4492   3364   2192 S   0.0   0.0   0:00.00 watch


2024-05-03_09:20:15
MiB Mem :   7613.1 total,   4427.4 free,   1686.3 used,   1767.9 buff/cache     
MiB Swap:   2048.0 total,   2038.4 free,      9.6 used.   5926.8 avail Mem 
   1835 root      20   0  697752 696296   3112 R 100.0   8.9   0:07.49 mem.bash
      1 user      20   0    4588   3372   3372 S   0.0   0.0   0:00.04 bash
     16 daemon    20   0    3780      0      0 S   0.0   0.0   0:00.00 atd
     17 user      20   0    4588   3336   3336 S   0.0   0.0   0:00.00 bash
     26 root      20   0    4760   2664   2664 S   0.0   0.0   0:00.00 su
     27 root      20   0    5120   3456   3456 S   0.0   0.0   0:00.16 bash
   1834 root      20   0    4752   3228   2984 S   0.0   0.0   0:00.00 monitoring.bash
   1839 root      20   0    4492   3364   2192 S   0.0   0.0   0:00.00 watch


2024-05-03_09:20:16
MiB Mem :   7613.1 total,   4304.3 free,   1809.3 used,   1767.9 buff/cache     
MiB Swap:   2048.0 total,   2038.4 free,      9.6 used.   5803.8 avail Mem 
   1835 root      20   0  826980 825612   3112 R 100.0  10.6   0:08.90 mem.bash
      1 user      20   0    4588   3372   3372 S   0.0   0.0   0:00.04 bash
     16 daemon    20   0    3780      0      0 S   0.0   0.0   0:00.00 atd
     17 user      20   0    4588   3336   3336 S   0.0   0.0   0:00.00 bash
     26 root      20   0    4760   2664   2664 S   0.0   0.0   0:00.00 su
     27 root      20   0    5120   3456   3456 S   0.0   0.0   0:00.16 bash
   1834 root      20   0    4752   3228   2984 S   0.0   0.0   0:00.00 monitoring.bash
   1839 root      20   0    4492   3364   2192 S   0.0   0.0   0:00.00 watch


2024-05-03_09:20:18
MiB Mem :   7613.1 total,   4172.2 free,   1941.4 used,   1767.9 buff/cache     
MiB Swap:   2048.0 total,   2038.4 free,      9.6 used.   5671.8 avail Mem 
   1835 root      20   0  956736 955196   3112 R 100.0  12.3   0:10.31 mem.bash
      1 user      20   0    4588   3372   3372 S   0.0   0.0   0:00.04 bash
     16 daemon    20   0    3780      0      0 S   0.0   0.0   0:00.00 atd
     17 user      20   0    4588   3336   3336 S   0.0   0.0   0:00.00 bash
     26 root      20   0    4760   2664   2664 S   0.0   0.0   0:00.00 su
     27 root      20   0    5120   3456   3456 S   0.0   0.0   0:00.16 bash
   1834 root      20   0    4752   3228   2984 S   0.0   0.0   0:00.00 monitoring.bash
   1839 root      20   0    4492   3364   2192 S   0.0   0.0   0:00.00 watch


2024-05-03_09:20:19
MiB Mem :   7613.1 total,   4043.9 free,   2069.7 used,   1767.9 buff/cache     
MiB Swap:   2048.0 total,   2038.4 free,      9.6 used.   5543.4 avail Mem 
   1835 root      20   0 1089528   1.0g   3112 R 100.0  14.0   0:11.72 mem.bash
      1 user      20   0    4588   3372   3372 S   0.0   0.0   0:00.04 bash
     16 daemon    20   0    3780      0      0 S   0.0   0.0   0:00.00 atd
     17 user      20   0    4588   3336   3336 S   0.0   0.0   0:00.00 bash
     26 root      20   0    4760   2664   2664 S   0.0   0.0   0:00.00 su
     27 root      20   0    5120   3456   3456 S   0.0   0.0   0:00.16 bash
   1834 root      20   0    4752   3228   2984 S   0.0   0.0   0:00.00 monitoring.bash
   1839 root      20   0    4492   3364   2192 S   0.0   0.0   0:00.00 watch


2024-05-03_09:20:21
MiB Mem :   7613.1 total,   3922.1 free,   2191.5 used,   1767.9 buff/cache     
MiB Swap:   2048.0 total,   2038.4 free,      9.6 used.   5421.7 avail Mem 
   1835 root      20   0 1219812   1.2g   3112 R 100.0  15.6   0:13.12 mem.bash
      1 user      20   0    4588   3372   3372 S   0.0   0.0   0:00.04 bash
     16 daemon    20   0    3780      0      0 S   0.0   0.0   0:00.00 atd
     17 user      20   0    4588   3336   3336 S   0.0   0.0   0:00.00 bash
     26 root      20   0    4760   2664   2664 S   0.0   0.0   0:00.00 su
     27 root      20   0    5120   3456   3456 S   0.0   0.0   0:00.16 bash
   1834 root      20   0    4752   3228   2984 S   0.0   0.0   0:00.00 monitoring.bash
   1839 root      20   0    4492   3364   2192 S   0.0   0.0   0:00.01 watch


2024-05-03_09:20:22
MiB Mem :   7613.1 total,   3790.1 free,   2323.5 used,   1767.9 buff/cache     
MiB Swap:   2048.0 total,   2038.4 free,      9.6 used.   5289.6 avail Mem 
   1835 root      20   0 1352340   1.3g   3112 R  90.9  17.3   0:14.53 mem.bash
      1 user      20   0    4588   3372   3372 S   0.0   0.0   0:00.04 bash
     16 daemon    20   0    3780      0      0 S   0.0   0.0   0:00.00 atd
     17 user      20   0    4588   3336   3336 S   0.0   0.0   0:00.00 bash
     26 root      20   0    4760   2664   2664 S   0.0   0.0   0:00.00 su
     27 root      20   0    5120   3456   3456 S   0.0   0.0   0:00.16 bash
   1834 root      20   0    4752   3228   2984 S   0.0   0.0   0:00.00 monitoring.bash
   1839 root      20   0    4492   3364   2192 S   0.0   0.0   0:00.01 watch


2024-05-03_09:20:24
MiB Mem :   7613.1 total,   3658.8 free,   2454.8 used,   1767.9 buff/cache     
MiB Swap:   2048.0 total,   2038.4 free,      9.6 used.   5158.3 avail Mem 
   1835 root      20   0 1484868   1.4g   3112 R 100.0  19.0   0:15.94 mem.bash
      1 user      20   0    4588   3372   3372 S   0.0   0.0   0:00.04 bash
     16 daemon    20   0    3780      0      0 S   0.0   0.0   0:00.00 atd
     17 user      20   0    4588   3336   3336 S   0.0   0.0   0:00.00 bash
     26 root      20   0    4760   2664   2664 S   0.0   0.0   0:00.00 su
     27 root      20   0    5120   3456   3456 S   0.0   0.0   0:00.16 bash
   1834 root      20   0    4752   3228   2984 S   0.0   0.0   0:00.00 monitoring.bash
   1839 root      20   0    4492   3364   2192 S   0.0   0.0   0:00.01 watch


2024-05-03_09:20:25
MiB Mem :   7613.1 total,   3535.6 free,   2578.0 used,   1767.9 buff/cache     
MiB Swap:   2048.0 total,   2038.4 free,      9.6 used.   5035.2 avail Mem 
   1835 root      20   0 1613436   1.5g   3112 R 100.0  20.7   0:17.33 mem.bash
      1 user      20   0    4588   3372   3372 S   0.0   0.0   0:00.04 bash
     16 daemon    20   0    3780      0      0 S   0.0   0.0   0:00.00 atd
     17 user      20   0    4588   3336   3336 S   0.0   0.0   0:00.00 bash
     26 root      20   0    4760   2664   2664 S   0.0   0.0   0:00.00 su
     27 root      20   0    5120   3456   3456 S   0.0   0.0   0:00.16 bash
   1834 root      20   0    4752   3228   2984 S   0.0   0.0   0:00.00 monitoring.bash
   1839 root      20   0    4492   3364   2192 S   0.0   0.0   0:00.01 watch


2024-05-03_09:20:26
MiB Mem :   7613.1 total,   3410.5 free,   2703.1 used,   1767.9 buff/cache     
MiB Swap:   2048.0 total,   2038.4 free,      9.6 used.   4910.0 avail Mem 
   1835 root      20   0 1741740   1.7g   3112 R 100.0  22.3   0:18.73 mem.bash
      1 user      20   0    4588   3372   3372 S   0.0   0.0   0:00.04 bash
     16 daemon    20   0    3780      0      0 S   0.0   0.0   0:00.00 atd
     17 user      20   0    4588   3336   3336 S   0.0   0.0   0:00.00 bash
     26 root      20   0    4760   2664   2664 S   0.0   0.0   0:00.00 su
     27 root      20   0    5120   3456   3456 S   0.0   0.0   0:00.16 bash
   1834 root      20   0    4752   3228   2984 S   0.0   0.0   0:00.00 monitoring.bash
   1839 root      20   0    4492   3364   2192 S   0.0   0.0   0:00.01 watch


2024-05-03_09:20:28
MiB Mem :   7613.1 total,   3282.3 free,   2831.3 used,   1767.9 buff/cache     
MiB Swap:   2048.0 total,   2038.4 free,      9.6 used.   4781.9 avail Mem 
   1835 root      20   0 1872684   1.8g   3112 R 100.0  24.0   0:20.14 mem.bash
      1 user      20   0    4588   3372   3372 S   0.0   0.0   0:00.04 bash
     16 daemon    20   0    3780      0      0 S   0.0   0.0   0:00.00 atd
     17 user      20   0    4588   3336   3336 S   0.0   0.0   0:00.00 bash
     26 root      20   0    4760   2664   2664 S   0.0   0.0   0:00.00 su
     27 root      20   0    5120   3456   3456 S   0.0   0.0   0:00.16 bash
   1834 root      20   0    4752   3228   2984 S   0.0   0.0   0:00.00 monitoring.bash
   1839 root      20   0    4492   3364   2192 S   0.0   0.0   0:00.01 watch


2024-05-03_09:20:29
MiB Mem :   7613.1 total,   3157.2 free,   2956.4 used,   1767.9 buff/cache     
MiB Swap:   2048.0 total,   2038.4 free,      9.6 used.   4656.8 avail Mem 
   1835 root      20   0 2003628   1.9g   3112 R 100.0  25.7   0:21.53 mem.bash
      1 user      20   0    4588   3372   3372 S   0.0   0.0   0:00.04 bash
     16 daemon    20   0    3780      0      0 S   0.0   0.0   0:00.00 atd
     17 user      20   0    4588   3336   3336 S   0.0   0.0   0:00.00 bash
     26 root      20   0    4760   2664   2664 S   0.0   0.0   0:00.00 su
     27 root      20   0    5120   3456   3456 S   0.0   0.0   0:00.16 bash
   1834 root      20   0    4752   3228   2984 S   0.0   0.0   0:00.00 monitoring.bash
   1839 root      20   0    4492   3364   2192 S   0.0   0.0   0:00.01 watch


2024-05-03_09:20:31
MiB Mem :   7613.1 total,   3031.3 free,   3082.3 used,   1767.9 buff/cache     
MiB Swap:   2048.0 total,   2038.4 free,      9.6 used.   4530.8 avail Mem 
   1835 root      20   0 2133384   2.0g   3112 R 100.0  27.3   0:22.92 mem.bash
      1 user      20   0    4588   3372   3372 S   0.0   0.0   0:00.04 bash
     16 daemon    20   0    3780      0      0 S   0.0   0.0   0:00.00 atd
     17 user      20   0    4588   3336   3336 S   0.0   0.0   0:00.00 bash
     26 root      20   0    4760   2664   2664 S   0.0   0.0   0:00.00 su
     27 root      20   0    5120   3456   3456 S   0.0   0.0   0:00.16 bash
   1834 root      20   0    4752   3228   2984 S   0.0   0.0   0:00.00 monitoring.bash
   1839 root      20   0    4492   3364   2192 S   0.0   0.0   0:00.01 watch


2024-05-03_09:20:32
MiB Mem :   7613.1 total,   2900.6 free,   3213.0 used,   1767.9 buff/cache     
MiB Swap:   2048.0 total,   2038.4 free,      9.6 used.   4400.2 avail Mem 
   1835 root      20   0 2264988   2.2g   3112 R 100.0  29.0   0:24.33 mem.bash
      1 user      20   0    4588   3372   3372 S   0.0   0.0   0:00.04 bash
     16 daemon    20   0    3780      0      0 S   0.0   0.0   0:00.00 atd
     17 user      20   0    4588   3336   3336 S   0.0   0.0   0:00.00 bash
     26 root      20   0    4760   2664   2664 S   0.0   0.0   0:00.00 su
     27 root      20   0    5120   3456   3456 S   0.0   0.0   0:00.16 bash
   1834 root      20   0    4752   3228   2984 S   0.0   0.0   0:00.00 monitoring.bash
   1839 root      20   0    4492   3364   2192 S   0.0   0.0   0:00.01 watch


2024-05-03_09:20:34
MiB Mem :   7613.1 total,   2776.6 free,   3337.0 used,   1767.9 buff/cache     
MiB Swap:   2048.0 total,   2038.4 free,      9.6 used.   4276.2 avail Mem 
   1835 root      20   0 2393688   2.3g   3112 R 100.0  30.7   0:25.72 mem.bash
      1 user      20   0    4588   3372   3372 S   0.0   0.0   0:00.04 bash
     16 daemon    20   0    3780      0      0 S   0.0   0.0   0:00.00 atd
     17 user      20   0    4588   3336   3336 S   0.0   0.0   0:00.00 bash
     26 root      20   0    4760   2664   2664 S   0.0   0.0   0:00.00 su
     27 root      20   0    5120   3456   3456 S   0.0   0.0   0:00.16 bash
   1834 root      20   0    4752   3228   2984 S   0.0   0.0   0:00.00 monitoring.bash
   1839 root      20   0    4492   3364   2192 S   0.0   0.0   0:00.01 watch


2024-05-03_09:20:35
MiB Mem :   7613.1 total,   2651.0 free,   3462.6 used,   1767.9 buff/cache     
MiB Swap:   2048.0 total,   2038.4 free,      9.6 used.   4150.6 avail Mem 
   1835 root      20   0 2519352   2.4g   3112 R 100.0  32.3   0:27.10 mem.bash
      1 user      20   0    4588   3372   3372 S   0.0   0.0   0:00.04 bash
     16 daemon    20   0    3780      0      0 S   0.0   0.0   0:00.00 atd
     17 user      20   0    4588   3336   3336 S   0.0   0.0   0:00.00 bash
     26 root      20   0    4760   2664   2664 S   0.0   0.0   0:00.00 su
     27 root      20   0    5120   3456   3456 S   0.0   0.0   0:00.16 bash
   1834 root      20   0    4752   3228   2984 S   0.0   0.0   0:00.00 monitoring.bash
   1839 root      20   0    4492   3364   2192 S   0.0   0.0   0:00.02 watch


2024-05-03_09:20:36
MiB Mem :   7613.1 total,   2527.2 free,   3586.4 used,   1767.9 buff/cache     
MiB Swap:   2048.0 total,   2038.4 free,      9.6 used.   4026.7 avail Mem 
   1835 root      20   0 2647656   2.5g   3112 R 100.0  33.9   0:28.50 mem.bash
      1 user      20   0    4588   3372   3372 S   0.0   0.0   0:00.04 bash
     16 daemon    20   0    3780      0      0 S   0.0   0.0   0:00.00 atd
     17 user      20   0    4588   3336   3336 S   0.0   0.0   0:00.00 bash
     26 root      20   0    4760   2664   2664 S   0.0   0.0   0:00.00 su
     27 root      20   0    5120   3456   3456 S   0.0   0.0   0:00.16 bash
   1834 root      20   0    4752   3228   2984 S   0.0   0.0   0:00.00 monitoring.bash
   1839 root      20   0    4492   3364   2192 S   0.0   0.0   0:00.02 watch


2024-05-03_09:20:38
MiB Mem :   7613.1 total,   2405.5 free,   3708.1 used,   1767.9 buff/cache     
MiB Swap:   2048.0 total,   2038.4 free,      9.6 used.   3905.0 avail Mem 
   1835 root      20   0 2772000   2.6g   3112 R 100.0  35.5   0:29.89 mem.bash
      1 user      20   0    4588   3372   3372 S   0.0   0.0   0:00.04 bash
     16 daemon    20   0    3780      0      0 S   0.0   0.0   0:00.00 atd
     17 user      20   0    4588   3336   3336 S   0.0   0.0   0:00.00 bash
     26 root      20   0    4760   2664   2664 S   0.0   0.0   0:00.00 su
     27 root      20   0    5120   3456   3456 S   0.0   0.0   0:00.16 bash
   1834 root      20   0    4752   3228   2984 S   0.0   0.0   0:00.00 monitoring.bash
   1839 root      20   0    4492   3364   2192 S   0.0   0.0   0:00.02 watch


2024-05-03_09:20:39
MiB Mem :   7613.1 total,   2284.1 free,   3829.5 used,   1767.9 buff/cache     
MiB Swap:   2048.0 total,   2038.4 free,      9.6 used.   3783.6 avail Mem 
   1835 root      20   0 2895552   2.8g   3112 S  90.0  37.1   0:31.28 mem.bash
      1 user      20   0    4588   3372   3372 S   0.0   0.0   0:00.04 bash
     16 daemon    20   0    3780      0      0 S   0.0   0.0   0:00.00 atd
     17 user      20   0    4588   3336   3336 S   0.0   0.0   0:00.00 bash
     26 root      20   0    4760   2664   2664 S   0.0   0.0   0:00.00 su
     27 root      20   0    5120   3456   3456 S   0.0   0.0   0:00.16 bash
   1834 root      20   0    4752   3228   2984 S   0.0   0.0   0:00.00 monitoring.bash
   1839 root      20   0    4492   3364   2192 S   0.0   0.0   0:00.02 watch
   2083 root      20   0       4      4      0 R   0.0   0.0   0:00.00 mem.bash


2024-05-03_09:20:41
MiB Mem :   7613.1 total,   2170.5 free,   3943.1 used,   1767.9 buff/cache     
MiB Swap:   2048.0 total,   2038.4 free,      9.6 used.   3670.0 avail Mem 
   1835 root      20   0 3013824   2.9g   3112 R 100.0  38.6   0:32.66 mem.bash
      1 user      20   0    4588   3372   3372 S   0.0   0.0   0:00.04 bash
     16 daemon    20   0    3780      0      0 S   0.0   0.0   0:00.00 atd
     17 user      20   0    4588   3336   3336 S   0.0   0.0   0:00.00 bash
     26 root      20   0    4760   2664   2664 S   0.0   0.0   0:00.00 su
     27 root      20   0    5120   3456   3456 S   0.0   0.0   0:00.16 bash
   1834 root      20   0    4752   3228   2984 S   0.0   0.0   0:00.00 monitoring.bash
   1839 root      20   0    4492   3364   2192 S   0.0   0.0   0:00.02 watch


2024-05-03_09:20:42
MiB Mem :   7613.1 total,   2043.0 free,   4070.6 used,   1768.0 buff/cache     
MiB Swap:   2048.0 total,   2038.4 free,      9.6 used.   3542.6 avail Mem 
   1835 root      20   0 3138036   3.0g   3112 R  81.8  40.2   0:34.05 mem.bash
      1 user      20   0    4588   3372   3372 S   0.0   0.0   0:00.04 bash
     16 daemon    20   0    3780      0      0 S   0.0   0.0   0:00.00 atd
     17 user      20   0    4588   3336   3336 S   0.0   0.0   0:00.00 bash
     26 root      20   0    4760   2664   2664 S   0.0   0.0   0:00.00 su
     27 root      20   0    5120   3456   3456 S   0.0   0.0   0:00.16 bash
   1834 root      20   0    4752   3228   2984 S   0.0   0.0   0:00.00 monitoring.bash
   1839 root      20   0    4492   3364   2192 S   0.0   0.0   0:00.02 watch


2024-05-03_09:20:43
MiB Mem :   7613.1 total,   1939.4 free,   4174.2 used,   1768.0 buff/cache     
MiB Swap:   2048.0 total,   2038.4 free,      9.6 used.   3439.0 avail Mem 
   1835 root      20   0 3249312   3.1g   3112 R 100.0  41.7   0:35.44 mem.bash
      1 user      20   0    4588   3372   3372 S   0.0   0.0   0:00.04 bash
     16 daemon    20   0    3780      0      0 S   0.0   0.0   0:00.00 atd
     17 user      20   0    4588   3336   3336 S   0.0   0.0   0:00.00 bash
     26 root      20   0    4760   2664   2664 S   0.0   0.0   0:00.00 su
     27 root      20   0    5120   3456   3456 S   0.0   0.0   0:00.16 bash
   1834 root      20   0    4752   3228   2984 S   0.0   0.0   0:00.00 monitoring.bash
   1839 root      20   0    4492   3364   2192 S   0.0   0.0   0:00.02 watch


2024-05-03_09:20:45
MiB Mem :   7613.1 total,   1817.1 free,   4296.5 used,   1768.0 buff/cache     
MiB Swap:   2048.0 total,   2038.4 free,      9.6 used.   3316.7 avail Mem 
   1835 root      20   0 3370224   3.2g   3112 R  70.0  43.2   0:36.82 mem.bash
      1 user      20   0    4588   3372   3372 S   0.0   0.0   0:00.04 bash
     16 daemon    20   0    3780      0      0 S   0.0   0.0   0:00.00 atd
     17 user      20   0    4588   3336   3336 S   0.0   0.0   0:00.00 bash
     26 root      20   0    4760   2664   2664 S   0.0   0.0   0:00.00 su
     27 root      20   0    5120   3456   3456 S   0.0   0.0   0:00.16 bash
   1834 root      20   0    4752   3228   2984 S   0.0   0.0   0:00.00 monitoring.bash
   1839 root      20   0    4492   3364   2192 S   0.0   0.0   0:00.02 watch


2024-05-03_09:20:46
MiB Mem :   7613.1 total,   1697.4 free,   4416.2 used,   1768.0 buff/cache     
MiB Swap:   2048.0 total,   2038.4 free,      9.6 used.   3197.0 avail Mem 
   1835 root      20   0 3495096   3.3g   3112 R 100.0  44.8   0:38.23 mem.bash
      1 user      20   0    4588   3372   3372 S   0.0   0.0   0:00.04 bash
     16 daemon    20   0    3780      0      0 S   0.0   0.0   0:00.00 atd
     17 user      20   0    4588   3336   3336 S   0.0   0.0   0:00.00 bash
     26 root      20   0    4760   2664   2664 S   0.0   0.0   0:00.00 su
     27 root      20   0    5120   3456   3456 S   0.0   0.0   0:00.16 bash
   1834 root      20   0    4752   3228   2984 S   0.0   0.0   0:00.00 monitoring.bash
   1839 root      20   0    4492   3364   2192 S   0.0   0.0   0:00.02 watch


2024-05-03_09:20:48
MiB Mem :   7613.1 total,   1576.6 free,   4537.0 used,   1768.0 buff/cache     
MiB Swap:   2048.0 total,   2038.4 free,      9.6 used.   3076.1 avail Mem 
   1835 root      20   0 3619704   3.5g   3112 R  90.9  46.4   0:39.61 mem.bash
      1 user      20   0    4588   3372   3372 S   0.0   0.0   0:00.04 bash
     16 daemon    20   0    3780      0      0 S   0.0   0.0   0:00.00 atd
     17 user      20   0    4588   3336   3336 S   0.0   0.0   0:00.00 bash
     26 root      20   0    4760   2664   2664 S   0.0   0.0   0:00.00 su
     27 root      20   0    5120   3456   3456 S   0.0   0.0   0:00.16 bash
   1834 root      20   0    4752   3228   2984 S   0.0   0.0   0:00.00 monitoring.bash
   1839 root      20   0    4492   3364   2192 S   0.0   0.0   0:00.02 watch


2024-05-03_09:20:49
MiB Mem :   7613.1 total,   1449.6 free,   4664.0 used,   1768.0 buff/cache     
MiB Swap:   2048.0 total,   2038.4 free,      9.6 used.   2949.2 avail Mem 
   1835 root      20   0 3749988   3.6g   3112 R 100.0  48.1   0:41.00 mem.bash
      1 user      20   0    4588   3372   3372 S   0.0   0.0   0:00.04 bash
     16 daemon    20   0    3780      0      0 S   0.0   0.0   0:00.00 atd
     17 user      20   0    4588   3336   3336 S   0.0   0.0   0:00.00 bash
     26 root      20   0    4760   2664   2664 S   0.0   0.0   0:00.00 su
     27 root      20   0    5120   3456   3456 S   0.0   0.0   0:00.16 bash
   1834 root      20   0    4752   3228   2984 S   0.0   0.0   0:00.00 monitoring.bash
   1839 root      20   0    4492   3364   2192 S   0.0   0.0   0:00.02 watch


2024-05-03_09:20:51
MiB Mem :   7613.1 total,   1327.8 free,   4785.8 used,   1768.0 buff/cache     
MiB Swap:   2048.0 total,   2038.4 free,      9.6 used.   2827.4 avail Mem 
   1835 root      20   0 3871956   3.7g   3112 R 100.0  49.6   0:42.37 mem.bash
      1 user      20   0    4588   3372   3372 S   0.0   0.0   0:00.04 bash
     16 daemon    20   0    3780      0      0 S   0.0   0.0   0:00.00 atd
     17 user      20   0    4588   3336   3336 S   0.0   0.0   0:00.00 bash
     26 root      20   0    4760   2664   2664 S   0.0   0.0   0:00.00 su
     27 root      20   0    5120   3456   3456 S   0.0   0.0   0:00.16 bash
   1834 root      20   0    4752   3228   2984 S   0.0   0.0   0:00.00 monitoring.bash
   1839 root      20   0    4492   3364   2192 S   0.0   0.0   0:00.02 watch


2024-05-03_09:20:52
MiB Mem :   7613.1 total,   1198.1 free,   4915.5 used,   1768.0 buff/cache     
MiB Swap:   2048.0 total,   2038.4 free,      9.6 used.   2697.7 avail Mem 
   1835 root      20   0 3995640   3.8g   3112 R  72.7  51.2   0:43.75 mem.bash
      1 user      20   0    4588   3372   3372 S   0.0   0.0   0:00.04 bash
     16 daemon    20   0    3780      0      0 S   0.0   0.0   0:00.00 atd
     17 user      20   0    4588   3336   3336 S   0.0   0.0   0:00.00 bash
     26 root      20   0    4760   2664   2664 S   0.0   0.0   0:00.00 su
     27 root      20   0    5120   3456   3456 S   0.0   0.0   0:00.16 bash
   1834 root      20   0    4752   3228   2984 S   0.0   0.0   0:00.00 monitoring.bash
   1839 root      20   0    4492   3364   2192 S   0.0   0.0   0:00.03 watch


2024-05-03_09:20:53
MiB Mem :   7613.1 total,   1091.3 free,   5022.3 used,   1768.0 buff/cache     
MiB Swap:   2048.0 total,   2038.4 free,      9.6 used.   2590.8 avail Mem 
   1835 root      20   0 4118796   3.9g   3112 R 100.0  52.8   0:45.14 mem.bash
      1 user      20   0    4588   3372   3372 S   0.0   0.0   0:00.04 bash
     16 daemon    20   0    3780      0      0 S   0.0   0.0   0:00.00 atd
     17 user      20   0    4588   3336   3336 S   0.0   0.0   0:00.00 bash
     26 root      20   0    4760   2664   2664 S   0.0   0.0   0:00.00 su
     27 root      20   0    5120   3456   3456 S   0.0   0.0   0:00.16 bash
   1834 root      20   0    4752   3228   2984 S   0.0   0.0   0:00.00 monitoring.bash
   1839 root      20   0    4492   3364   2192 S   0.0   0.0   0:00.03 watch


2024-05-03_09:20:55
MiB Mem :   7613.1 total,   1018.0 free,   5095.7 used,   1767.8 buff/cache     
MiB Swap:   2048.0 total,   2005.2 free,     42.8 used.   2517.5 avail Mem 
   1835 root      20   0 4223736   4.0g   3112 R  90.0  53.6   0:46.56 mem.bash
      1 user      20   0    4588   3372   3372 S   0.0   0.0   0:00.04 bash
     16 daemon    20   0    3780      0      0 S   0.0   0.0   0:00.00 atd
     17 user      20   0    4588   3336   3336 S   0.0   0.0   0:00.00 bash
     26 root      20   0    4760   2664   2664 S   0.0   0.0   0:00.00 su
     27 root      20   0    5120   3456   3456 S   0.0   0.0   0:00.16 bash
   1834 root      20   0    4752   2984   2984 S   0.0   0.0   0:00.00 monitoring.bash
   1839 root      20   0    4492   2288   2180 S   0.0   0.0   0:00.03 watch


2024-05-03_09:20:56
MiB Mem :   7613.1 total,   1015.8 free,   5097.9 used,   1767.8 buff/cache     
MiB Swap:   2048.0 total,   1887.0 free,    161.0 used.   2515.3 avail Mem 
   1835 root      20   0 4340424   4.0g   3112 R 100.0  53.6   0:47.94 mem.bash
      1 user      20   0    4588   3372   3372 S   0.0   0.0   0:00.04 bash
     16 daemon    20   0    3780      0      0 S   0.0   0.0   0:00.00 atd
     17 user      20   0    4588   3336   3336 S   0.0   0.0   0:00.00 bash
     26 root      20   0    4760   2664   2664 S   0.0   0.0   0:00.00 su
     27 root      20   0    5120   3456   3456 S   0.0   0.0   0:00.16 bash
   1834 root      20   0    4752   2984   2984 S   0.0   0.0   0:00.00 monitoring.bash
   1839 root      20   0    4492   3188   2184 S   0.0   0.0   0:00.03 watch


2024-05-03_09:20:58
MiB Mem :   7613.1 total,   1014.1 free,   5099.6 used,   1767.8 buff/cache     
MiB Swap:   2048.0 total,   1771.8 free,    276.2 used.   2513.5 avail Mem 
   1835 root      20   0 4458036   4.0g   3112 S  81.8  53.5   0:49.33 mem.bash
      1 user      20   0    4588   3372   3372 S   0.0   0.0   0:00.04 bash
     16 daemon    20   0    3780      0      0 S   0.0   0.0   0:00.00 atd
     17 user      20   0    4588   3336   3336 S   0.0   0.0   0:00.00 bash
     26 root      20   0    4760   2664   2664 S   0.0   0.0   0:00.00 su
     27 root      20   0    5120   3456   3456 S   0.0   0.0   0:00.16 bash
   1834 root      20   0    4752   2984   2984 S   0.0   0.0   0:00.00 monitoring.bash
   1839 root      20   0    4492   3188   2184 S   0.0   0.0   0:00.03 watch
   2220 root      20   0       4      4      0 R   0.0   0.0   0:00.00 mem.bash


2024-05-03_09:20:59
MiB Mem :   7613.1 total,   1014.4 free,   5099.1 used,   1768.0 buff/cache     
MiB Swap:   2048.0 total,   1653.4 free,    394.6 used.   2514.0 avail Mem 
   1835 root      20   0 4580664   4.0g   3112 R 100.0  53.6   0:50.70 mem.bash
      1 user      20   0    4588   3372   3372 S   0.0   0.0   0:00.04 bash
     16 daemon    20   0    3780      0      0 S   0.0   0.0   0:00.00 atd
     17 user      20   0    4588   3336   3336 S   0.0   0.0   0:00.00 bash
     26 root      20   0    4760   2664   2664 S   0.0   0.0   0:00.00 su
     27 root      20   0    5120   3456   3456 S   0.0   0.0   0:00.16 bash
   1834 root      20   0    4752   2984   2984 S   0.0   0.0   0:00.00 monitoring.bash
   1839 root      20   0    4492   3188   2184 S   0.0   0.0   0:00.03 watch


2024-05-03_09:21:01
MiB Mem :   7613.1 total,   1009.7 free,   5103.7 used,   1768.4 buff/cache     
MiB Swap:   2048.0 total,   1526.4 free,    521.6 used.   2509.5 avail Mem 
   1835 root      20   0 4700388   4.0g   3112 R  90.0  53.6   0:52.07 mem.bash
      1 user      20   0    4588   3372   3372 S   0.0   0.0   0:00.04 bash
     16 daemon    20   0    3780      0      0 S   0.0   0.0   0:00.00 atd
     17 user      20   0    4588   3336   3336 S   0.0   0.0   0:00.00 bash
     26 root      20   0    4760   2664   2664 S   0.0   0.0   0:00.00 su
     27 root      20   0    5120   3456   3456 S   0.0   0.0   0:00.16 bash
   1834 root      20   0    4752   2984   2984 S   0.0   0.0   0:00.00 monitoring.bash
   1839 root      20   0    4492   3188   2184 S   0.0   0.0   0:00.04 watch


2024-05-03_09:21:02
MiB Mem :   7613.1 total,   1012.1 free,   5101.1 used,   1768.6 buff/cache     
MiB Swap:   2048.0 total,   1415.8 free,    632.2 used.   2512.0 avail Mem 
   1835 root      20   0 4824336   4.0g   3112 R 100.0  53.6   0:53.46 mem.bash
      1 user      20   0    4588   3372   3372 S   0.0   0.0   0:00.04 bash
     16 daemon    20   0    3780      0      0 S   0.0   0.0   0:00.00 atd
     17 user      20   0    4588   3336   3336 S   0.0   0.0   0:00.00 bash
     26 root      20   0    4760   2664   2664 S   0.0   0.0   0:00.00 su
     27 root      20   0    5120   3456   3456 S   0.0   0.0   0:00.16 bash
   1834 root      20   0    4752   2984   2984 S   0.0   0.0   0:00.00 monitoring.bash
   1839 root      20   0    4492   3188   2184 S   0.0   0.0   0:00.04 watch


2024-05-03_09:21:03
MiB Mem :   7613.1 total,   1020.3 free,   5092.8 used,   1769.1 buff/cache     
MiB Swap:   2048.0 total,   1289.4 free,    758.6 used.   2520.3 avail Mem 
   1835 root      20   0 4944192   4.0g   3112 R 100.0  53.6   0:54.83 mem.bash
      1 user      20   0    4588   3372   3372 S   0.0   0.0   0:00.04 bash
     16 daemon    20   0    3780      0      0 S   0.0   0.0   0:00.00 atd
     17 user      20   0    4588   3336   3336 S   0.0   0.0   0:00.00 bash
     26 root      20   0    4760   2664   2664 S   0.0   0.0   0:00.00 su
     27 root      20   0    5120   3456   3456 S   0.0   0.0   0:00.16 bash
   1834 root      20   0    4752   2984   2984 S   0.0   0.0   0:00.00 monitoring.bash
   1839 root      20   0    4492   3188   2184 S   0.0   0.0   0:00.04 watch


2024-05-03_09:21:05
MiB Mem :   7613.1 total,   1013.0 free,   5100.0 used,   1769.3 buff/cache     
MiB Swap:   2048.0 total,   1183.4 free,    864.6 used.   2513.1 avail Mem 
   1835 root      20   0 5062068   4.0g   3112 R  90.9  53.6   0:56.23 mem.bash
      1 user      20   0    4588   3372   3372 S   0.0   0.0   0:00.04 bash
     16 daemon    20   0    3780      0      0 S   0.0   0.0   0:00.00 atd
     17 user      20   0    4588   3336   3336 S   0.0   0.0   0:00.00 bash
     26 root      20   0    4760   2664   2664 S   0.0   0.0   0:00.00 su
     27 root      20   0    5120   3456   3456 S   0.0   0.0   0:00.16 bash
   1834 root      20   0    4752   2984   2984 S   0.0   0.0   0:00.00 monitoring.bash
   1839 root      20   0    4492   3188   2184 S   0.0   0.0   0:00.04 watch


2024-05-03_09:21:06
MiB Mem :   7613.1 total,   1021.3 free,   5091.6 used,   1769.6 buff/cache     
MiB Swap:   2048.0 total,   1061.8 free,    986.2 used.   2521.6 avail Mem 
   1835 root      20   0 5176248   4.0g   3112 R 100.0  53.6   0:57.58 mem.bash
      1 user      20   0    4588   3372   3372 S   0.0   0.0   0:00.04 bash
     16 daemon    20   0    3780      0      0 S   0.0   0.0   0:00.00 atd
     17 user      20   0    4588   3336   3336 S   0.0   0.0   0:00.00 bash
     26 root      20   0    4760   2664   2664 S   0.0   0.0   0:00.00 su
     27 root      20   0    5120   3456   3456 S   0.0   0.0   0:00.16 bash
   1834 root      20   0    4752   2984   2984 S   0.0   0.0   0:00.00 monitoring.bash
   1839 root      20   0    4492   3188   2184 S   0.0   0.0   0:00.04 watch


2024-05-03_09:21:08
MiB Mem :   7613.1 total,   1010.6 free,   5102.2 used,   1769.8 buff/cache     
MiB Swap:   2048.0 total,    954.4 free,   1093.6 used.   2510.9 avail Mem 
   1835 root      20   0 5295444   4.0g   3112 R 100.0  53.6   0:58.98 mem.bash
      1 user      20   0    4588   3372   3372 S   0.0   0.0   0:00.04 bash
     16 daemon    20   0    3780      0      0 S   0.0   0.0   0:00.00 atd
     17 user      20   0    4588   3336   3336 S   0.0   0.0   0:00.00 bash
     26 root      20   0    4760   2664   2664 S   0.0   0.0   0:00.00 su
     27 root      20   0    5120   3456   3456 S   0.0   0.0   0:00.16 bash
   1834 root      20   0    4752   2984   2984 S   0.0   0.0   0:00.00 monitoring.bash
   1839 root      20   0    4492   3188   2184 S   0.0   0.0   0:00.04 watch


2024-05-03_09:21:09
MiB Mem :   7613.1 total,   1022.7 free,   5089.9 used,   1770.1 buff/cache     
MiB Swap:   2048.0 total,    835.5 free,   1212.5 used.   2523.3 avail Mem 
   1835 root      20   0 5410812   4.0g   3112 R 100.0  53.6   1:00.33 mem.bash
      1 user      20   0    4588   3372   3372 S   0.0   0.0   0:00.04 bash
     16 daemon    20   0    3780      0      0 S   0.0   0.0   0:00.00 atd
     17 user      20   0    4588   3336   3336 S   0.0   0.0   0:00.00 bash
     26 root      20   0    4760   2664   2664 S   0.0   0.0   0:00.00 su
     27 root      20   0    5120   3456   3456 S   0.0   0.0   0:00.16 bash
   1834 root      20   0    4752   2984   2984 S   0.0   0.0   0:00.00 monitoring.bash
   1839 root      20   0    4492   3188   2184 S   0.0   0.0   0:00.04 watch


2024-05-03_09:21:11
MiB Mem :   7613.1 total,   1014.6 free,   5097.9 used,   1770.1 buff/cache     
MiB Swap:   2048.0 total,    729.5 free,   1318.5 used.   2515.2 avail Mem 
   1835 root      20   0 5524992   4.0g   3112 R  90.9  53.6   1:01.72 mem.bash
      1 user      20   0    4588   3372   3372 S   0.0   0.0   0:00.04 bash
     16 daemon    20   0    3780      0      0 S   0.0   0.0   0:00.00 atd
     17 user      20   0    4588   3336   3336 S   0.0   0.0   0:00.00 bash
     26 root      20   0    4760   2664   2664 S   0.0   0.0   0:00.00 su
     27 root      20   0    5120   3456   3456 S   0.0   0.0   0:00.16 bash
   1834 root      20   0    4752   2984   2984 S   0.0   0.0   0:00.00 monitoring.bash
   1839 root      20   0    4492   3188   2184 S   0.0   0.0   0:00.04 watch


2024-05-03_09:21:12
MiB Mem :   7613.1 total,   1009.6 free,   5102.7 used,   1770.4 buff/cache     
MiB Swap:   2048.0 total,    607.9 free,   1440.1 used.   2510.4 avail Mem 
   1835 root      20   0 5638512   4.0g   3112 R  90.0  53.5   1:03.08 mem.bash
      1 user      20   0    4588   3372   3372 S   0.0   0.0   0:00.04 bash
     16 daemon    20   0    3780      0      0 S   0.0   0.0   0:00.00 atd
     17 user      20   0    4588   3336   3336 S   0.0   0.0   0:00.00 bash
     26 root      20   0    4760   2664   2664 S   0.0   0.0   0:00.00 su
     27 root      20   0    5120   3456   3456 S   0.0   0.0   0:00.16 bash
   1834 root      20   0    4752   2984   2984 S   0.0   0.0   0:00.00 monitoring.bash
   1839 root      20   0    4492   3188   2184 S   0.0   0.0   0:00.04 watch


2024-05-03_09:21:13
MiB Mem :   7613.1 total,   1013.0 free,   5099.2 used,   1770.8 buff/cache     
MiB Swap:   2048.0 total,    501.8 free,   1546.2 used.   2513.9 avail Mem 
   1835 root      20   0 5758104   4.0g   3112 R 100.0  53.6   1:04.48 mem.bash
      1 user      20   0    4588   3372   3372 S   0.0   0.0   0:00.04 bash
     16 daemon    20   0    3780      0      0 S   0.0   0.0   0:00.00 atd
     17 user      20   0    4588   3336   3336 S   0.0   0.0   0:00.00 bash
     26 root      20   0    4760   2664   2664 S   0.0   0.0   0:00.00 su
     27 root      20   0    5120   3456   3456 S   0.0   0.0   0:00.16 bash
   1834 root      20   0    4752   2984   2984 S   0.0   0.0   0:00.00 monitoring.bash
   1839 root      20   0    4492   3188   2184 S   0.0   0.0   0:00.04 watch


2024-05-03_09:21:15
MiB Mem :   7613.1 total,   1012.7 free,   5099.5 used,   1770.8 buff/cache     
MiB Swap:   2048.0 total,    388.7 free,   1659.3 used.   2513.7 avail Mem 
   1835 root      20   0 5867664   4.0g   3112 R  70.0  53.4   1:05.83 mem.bash
      1 user      20   0    4588   3372   3372 S   0.0   0.0   0:00.04 bash
     16 daemon    20   0    3780      0      0 S   0.0   0.0   0:00.00 atd
     17 user      20   0    4588   3336   3336 S   0.0   0.0   0:00.00 bash
     26 root      20   0    4760   2664   2664 S   0.0   0.0   0:00.00 su
     27 root      20   0    5120   3456   3456 S   0.0   0.0   0:00.16 bash
   1834 root      20   0    4752   2984   2984 S   0.0   0.0   0:00.00 monitoring.bash
   1839 root      20   0    4492   3188   2184 S   0.0   0.0   0:00.04 watch


2024-05-03_09:21:16
MiB Mem :   7613.1 total,   1016.2 free,   5095.9 used,   1771.3 buff/cache     
MiB Swap:   2048.0 total,    276.9 free,   1771.1 used.   2517.3 avail Mem 
   1835 root      20   0 5986068   4.0g   3112 R  90.9  53.6   1:07.22 mem.bash
      1 user      20   0    4588   3372   3372 S   0.0   0.0   0:00.04 bash
     16 daemon    20   0    3780      0      0 S   0.0   0.0   0:00.00 atd
     17 user      20   0    4588   3336   3336 S   0.0   0.0   0:00.00 bash
     26 root      20   0    4760   2664   2664 S   0.0   0.0   0:00.00 su
     27 root      20   0    5120   3456   3456 S   0.0   0.0   0:00.16 bash
   1834 root      20   0    4752   2984   2984 S   0.0   0.0   0:00.00 monitoring.bash
   1839 root      20   0    4492   3188   2184 S   0.0   0.0   0:00.04 watch


2024-05-03_09:21:18
MiB Mem :   7613.1 total,   1014.8 free,   5097.2 used,   1771.5 buff/cache     
MiB Swap:   2048.0 total,    163.0 free,   1885.0 used.   2516.0 avail Mem 
   1835 root      20   0 6098796   4.0g   3112 S  54.5  53.4   1:08.58 mem.bash
   2367 root      20   0    2652    296    248 R  27.3   0.0   0:00.03 date
      1 user      20   0    4588   3372   3372 S   0.0   0.0   0:00.04 bash
     16 daemon    20   0    3780      0      0 S   0.0   0.0   0:00.00 atd
     25 root      20   0   11424     16      0 S   0.0   0.0   0:00.00 sudo
     26 root      20   0    4760   2664   2664 S   0.0   0.0   0:00.00 su
    804 user      20   0    8868   2456   2104 S   0.0   0.0   0:00.10 top
   1834 root      20   0    4752   2984   2984 S   0.0   0.0   0:00.00 monitoring.bash


2024-05-03_09:21:19
MiB Mem :   7613.1 total,   1021.0 free,   5090.8 used,   1771.9 buff/cache     
MiB Swap:   2048.0 total,     51.1 free,   1996.9 used.   2522.3 avail Mem 
   1835 root      20   0 6218520   4.0g   3112 R 100.0  53.6   1:09.97 mem.bash
      1 user      20   0    4588   3372   3372 S   0.0   0.0   0:00.04 bash
     16 daemon    20   0    3780      0      0 S   0.0   0.0   0:00.00 atd
     17 user      20   0    4588   3336   3336 S   0.0   0.0   0:00.00 bash
     26 root      20   0    4760   2664   2664 S   0.0   0.0   0:00.00 su
     27 root      20   0    5120   3456   3456 S   0.0   0.0   0:00.16 bash
   1834 root      20   0    4752   2984   2984 S   0.0   0.0   0:00.00 monitoring.bash
   1839 root      20   0    4492   3188   2184 S   0.0   0.0   0:00.06 watch