2024-05-03_09:24:09
MiB Mem :   7613.1 total,   5052.0 free,   1061.6 used,   1768.2 buff/cache     
MiB Swap:   2048.0 total,   2038.4 free,      9.6 used.   6551.5 avail Mem 
   2611 root      20   0   40788  39124   2972 R 100.0   0.5   0:00.41 mem.bash
   2612 root      20   0   39600  38124   3036 R 100.0   0.5   0:00.41 mem2.bash
      1 user      20   0    4588   3392   3372 S   0.0   0.0   0:00.05 bash
     16 daemon    20   0    3780      0      0 S   0.0   0.0   0:00.00 atd
     25 root      20   0   11424     16      0 S   0.0   0.0   0:00.00 sudo
     26 root      20   0    4760   2664   2664 S   0.0   0.0   0:00.00 su
    804 user      20   0    8868   2232   1880 S   0.0   0.0   0:00.15 top
   2610 root      20   0    4752   3228   2976 S   0.0   0.0   0:00.00 monitoring.bash


2024-05-03_09:24:11
MiB Mem :   7613.1 total,   4822.9 free,   1290.8 used,   1768.2 buff/cache     
MiB Swap:   2048.0 total,   2038.4 free,      9.6 used.   6322.4 avail Mem 
   2611 root      20   0  159720 158120   3036 R 100.0   2.0   0:01.83 mem.bash
   2612 root      20   0  152856 151312   3100 R 100.0   1.9   0:01.82 mem2.bash
      1 user      20   0    4588   3392   3372 S   0.0   0.0   0:00.05 bash
     16 daemon    20   0    3780      0      0 S   0.0   0.0   0:00.00 atd
     25 root      20   0   11424     16      0 S   0.0   0.0   0:00.00 sudo
     26 root      20   0    4760   2664   2664 S   0.0   0.0   0:00.00 su
    804 user      20   0    8868   2232   1880 S   0.0   0.0   0:00.15 top
   2610 root      20   0    4752   3228   2976 S   0.0   0.0   0:00.00 monitoring.bash


2024-05-03_09:24:12
MiB Mem :   7613.1 total,   4593.9 free,   1519.8 used,   1768.2 buff/cache     
MiB Swap:   2048.0 total,   2038.4 free,      9.6 used.   6093.3 avail Mem 
   2611 root      20   0  278652 276920   3036 R 100.0   3.6   0:03.25 mem.bash
   2612 root      20   0  266772 265096   3100 R 100.0   3.4   0:03.24 mem2.bash
      1 user      20   0    4588   3392   3372 S   0.0   0.0   0:00.05 bash
     16 daemon    20   0    3780      0      0 S   0.0   0.0   0:00.00 atd
     25 root      20   0   11424     16      0 S   0.0   0.0   0:00.00 sudo
     26 root      20   0    4760   2664   2664 S   0.0   0.0   0:00.00 su
    804 user      20   0    8868   2232   1880 S   0.0   0.0   0:00.15 top
   2610 root      20   0    4752   3228   2976 S   0.0   0.0   0:00.00 monitoring.bash


2024-05-03_09:24:14
MiB Mem :   7613.1 total,   4367.3 free,   1746.4 used,   1768.2 buff/cache     
MiB Swap:   2048.0 total,   2038.4 free,      9.6 used.   5866.8 avail Mem 
   2611 root      20   0  396660 394900   3036 R 100.0   5.1   0:04.66 mem.bash
   2612 root      20   0  381348 379792   3100 R 100.0   4.9   0:04.66 mem2.bash
      1 user      20   0    4588   3392   3372 S   0.0   0.0   0:00.05 bash
     16 daemon    20   0    3780      0      0 S   0.0   0.0   0:00.00 atd
     25 root      20   0   11424     16      0 S   0.0   0.0   0:00.00 sudo
     26 root      20   0    4760   2664   2664 S   0.0   0.0   0:00.00 su
    804 user      20   0    8868   2232   1880 S   0.0   0.0   0:00.15 top
   2610 root      20   0    4752   3228   2976 S   0.0   0.0   0:00.00 monitoring.bash


2024-05-03_09:24:15
MiB Mem :   7613.1 total,   4140.4 free,   1973.3 used,   1768.2 buff/cache     
MiB Swap:   2048.0 total,   2038.4 free,      9.6 used.   5639.9 avail Mem 
   2611 root      20   0  513876 512224   3036 R 100.0   6.6   0:06.08 mem.bash
   2612 root      20   0  494076 492480   3100 R 100.0   6.3   0:06.07 mem2.bash
      1 user      20   0    4588   3392   3372 S   0.0   0.0   0:00.05 bash
     16 daemon    20   0    3780      0      0 S   0.0   0.0   0:00.00 atd
     25 root      20   0   11424     16      0 S   0.0   0.0   0:00.00 sudo
     26 root      20   0    4760   2664   2664 S   0.0   0.0   0:00.00 su
    804 user      20   0    8868   2232   1880 S   0.0   0.0   0:00.15 top
   2610 root      20   0    4752   3228   2976 S   0.0   0.0   0:00.00 monitoring.bash


2024-05-03_09:24:17
MiB Mem :   7613.1 total,   3914.0 free,   2199.7 used,   1768.2 buff/cache     
MiB Swap:   2048.0 total,   2038.4 free,      9.6 used.   5413.5 avail Mem 
   2611 root      20   0  632280 630716   3036 R 100.0   8.1   0:07.50 mem.bash
   2612 root      20   0  608388 606900   3100 R 100.0   7.8   0:07.50 mem2.bash
      1 user      20   0    4588   3392   3372 S   0.0   0.0   0:00.05 bash
     16 daemon    20   0    3780      0      0 S   0.0   0.0   0:00.00 atd
     25 root      20   0   11424     16      0 S   0.0   0.0   0:00.00 sudo
     26 root      20   0    4760   2664   2664 S   0.0   0.0   0:00.00 su
    804 user      20   0    8868   2232   1880 S   0.0   0.0   0:00.15 top
   2610 root      20   0    4752   3228   2976 S   0.0   0.0   0:00.00 monitoring.bash


2024-05-03_09:24:18
MiB Mem :   7613.1 total,   3692.7 free,   2421.0 used,   1768.2 buff/cache     
MiB Swap:   2048.0 total,   2038.4 free,      9.6 used.   5192.2 avail Mem 
   2611 root      20   0  749364 747772   3036 R 100.0   9.6   0:08.91 mem.bash
   2612 root      20   0  720324 718788   3100 R 100.0   9.2   0:08.90 mem2.bash
      1 user      20   0    4588   3392   3372 S   0.0   0.0   0:00.05 bash
     16 daemon    20   0    3780      0      0 S   0.0   0.0   0:00.00 atd
     25 root      20   0   11424     16      0 S   0.0   0.0   0:00.00 sudo
     26 root      20   0    4760   2664   2664 S   0.0   0.0   0:00.00 su
    804 user      20   0    8868   2232   1880 S   0.0   0.0   0:00.15 top
   2610 root      20   0    4752   3228   2976 S   0.0   0.0   0:00.00 monitoring.bash


2024-05-03_09:24:19
MiB Mem :   7613.1 total,   3460.8 free,   2652.9 used,   1768.2 buff/cache     
MiB Swap:   2048.0 total,   2038.4 free,      9.6 used.   4960.2 avail Mem 
   2612 root      20   0  837540 836116   3100 R 100.0  10.7   0:10.32 mem2.bash
   2611 root      20   0  869088 867580   3036 R  90.0  11.1   0:10.32 mem.bash
      1 user      20   0    4588   3392   3372 S   0.0   0.0   0:00.05 bash
     16 daemon    20   0    3780      0      0 S   0.0   0.0   0:00.00 atd
     25 root      20   0   11424     16      0 S   0.0   0.0   0:00.00 sudo
     26 root      20   0    4760   2664   2664 S   0.0   0.0   0:00.00 su
    804 user      20   0    8868   2232   1880 S   0.0   0.0   0:00.15 top
   2610 root      20   0    4752   3228   2976 S   0.0   0.0   0:00.00 monitoring.bash


2024-05-03_09:24:21
MiB Mem :   7613.1 total,   3232.6 free,   2881.0 used,   1768.2 buff/cache     
MiB Swap:   2048.0 total,   2038.4 free,      9.6 used.   4732.1 avail Mem 
   2611 root      20   0  991188 989660   3036 R  90.9  12.7   0:11.74 mem.bash
   2612 root      20   0  950532 949060   3100 R  90.9  12.2   0:11.73 mem2.bash
      1 user      20   0    4588   3392   3372 S   0.0   0.0   0:00.05 bash
     16 daemon    20   0    3780      0      0 S   0.0   0.0   0:00.00 atd
     25 root      20   0   11424     16      0 S   0.0   0.0   0:00.00 sudo
     26 root      20   0    4760   2664   2664 S   0.0   0.0   0:00.00 su
    804 user      20   0    8868   2232   1880 S   0.0   0.0   0:00.15 top
   2610 root      20   0    4752   3228   2976 S   0.0   0.0   0:00.00 monitoring.bash


2024-05-03_09:24:22
MiB Mem :   7613.1 total,   3003.3 free,   3110.3 used,   1768.3 buff/cache     
MiB Swap:   2048.0 total,   2038.4 free,      9.6 used.   4502.8 avail Mem 
   2611 root      20   0 1110252   1.1g   3036 R 100.0  14.2   0:13.14 mem.bash
   2612 root      20   0 1066692   1.0g   3100 R 100.0  13.7   0:13.14 mem2.bash
      1 user      20   0    4588   3392   3372 S   0.0   0.0   0:00.05 bash
     16 daemon    20   0    3780      0      0 S   0.0   0.0   0:00.00 atd
     25 root      20   0   11424     16      0 S   0.0   0.0   0:00.00 sudo
     26 root      20   0    4760   2664   2664 S   0.0   0.0   0:00.00 su
    804 user      20   0    8868   2232   1880 S   0.0   0.0   0:00.15 top
   2610 root      20   0    4752   3228   2976 S   0.0   0.0   0:00.00 monitoring.bash


2024-05-03_09:24:24
MiB Mem :   7613.1 total,   2789.9 free,   3323.7 used,   1768.3 buff/cache     
MiB Swap:   2048.0 total,   2038.4 free,      9.6 used.   4289.4 avail Mem 
   2611 root      20   0 1222980   1.2g   3036 R 100.0  15.7   0:14.55 mem.bash
   2612 root      20   0 1174008   1.1g   3100 R 100.0  15.0   0:14.55 mem2.bash
      1 user      20   0    4588   3392   3372 S   0.0   0.0   0:00.05 bash
     16 daemon    20   0    3780      0      0 S   0.0   0.0   0:00.00 atd
     25 root      20   0   11424     16      0 S   0.0   0.0   0:00.00 sudo
     26 root      20   0    4760   2664   2664 S   0.0   0.0   0:00.00 su
    804 user      20   0    8868   2232   1880 S   0.0   0.0   0:00.15 top
   2610 root      20   0    4752   3228   2976 S   0.0   0.0   0:00.00 monitoring.bash


2024-05-03_09:24:25
MiB Mem :   7613.1 total,   2571.1 free,   3542.5 used,   1768.3 buff/cache     
MiB Swap:   2048.0 total,   2038.4 free,      9.6 used.   4070.6 avail Mem 
   2612 root      20   0 1281060   1.2g   3100 R 100.0  16.4   0:15.95 mem2.bash
   2611 root      20   0 1335444   1.3g   3036 R  80.0  17.1   0:15.95 mem.bash
      1 user      20   0    4588   3392   3372 S   0.0   0.0   0:00.05 bash
     16 daemon    20   0    3780      0      0 S   0.0   0.0   0:00.00 atd
     25 root      20   0   11424     16      0 S   0.0   0.0   0:00.00 sudo
     26 root      20   0    4760   2664   2664 S   0.0   0.0   0:00.00 su
    804 user      20   0    8868   2232   1880 S   0.0   0.0   0:00.15 top
   2610 root      20   0    4752   3228   2976 S   0.0   0.0   0:00.00 monitoring.bash


2024-05-03_09:24:27
MiB Mem :   7613.1 total,   2356.0 free,   3757.5 used,   1768.3 buff/cache     
MiB Swap:   2048.0 total,   2038.4 free,      9.6 used.   3855.6 avail Mem 
   2611 root      20   0 1447116   1.4g   3036 R 100.0  18.5   0:17.36 mem.bash
   2612 root      20   0 1387848   1.3g   3100 R 100.0  17.8   0:17.35 mem2.bash
      1 user      20   0    4588   3392   3372 S   0.0   0.0   0:00.05 bash
     16 daemon    20   0    3780      0      0 S   0.0   0.0   0:00.00 atd
     25 root      20   0   11424     16      0 S   0.0   0.0   0:00.00 sudo
     26 root      20   0    4760   2664   2664 S   0.0   0.0   0:00.00 su
    804 user      20   0    8868   2232   1880 S   0.0   0.0   0:00.15 top
   2610 root      20   0    4752   3228   2976 S   0.0   0.0   0:00.00 monitoring.bash


2024-05-03_09:24:28
MiB Mem :   7613.1 total,   2131.5 free,   3982.1 used,   1768.3 buff/cache     
MiB Swap:   2048.0 total,   2038.4 free,      9.6 used.   3631.0 avail Mem 
   2611 root      20   0 1563276   1.5g   3036 R 100.0  20.0   0:18.77 mem.bash
   2612 root      20   0 1496880   1.4g   3100 R 100.0  19.2   0:18.76 mem2.bash
      1 user      20   0    4588   3392   3372 S   0.0   0.0   0:00.05 bash
     16 daemon    20   0    3780      0      0 S   0.0   0.0   0:00.00 atd
     25 root      20   0   11424     16      0 S   0.0   0.0   0:00.00 sudo
     26 root      20   0    4760   2664   2664 S   0.0   0.0   0:00.00 su
    804 user      20   0    8868   2232   1880 S   0.0   0.0   0:00.15 top
   2610 root      20   0    4752   3228   2976 S   0.0   0.0   0:00.00 monitoring.bash


2024-05-03_09:24:29
MiB Mem :   7613.1 total,   1917.0 free,   4196.6 used,   1768.3 buff/cache     
MiB Swap:   2048.0 total,   2038.4 free,      9.6 used.   3416.6 avail Mem 
   2611 root      20   0 1679040   1.6g   3036 R 100.0  21.5   0:20.16 mem.bash
   2612 root      20   0 1610664   1.5g   3100 R 100.0  20.6   0:20.16 mem2.bash
      1 user      20   0    4588   3392   3372 S   0.0   0.0   0:00.05 bash
     16 daemon    20   0    3780      0      0 S   0.0   0.0   0:00.00 atd
     25 root      20   0   11424     16      0 S   0.0   0.0   0:00.00 sudo
     26 root      20   0    4760   2664   2664 S   0.0   0.0   0:00.00 su
    804 user      20   0    8868   2232   1880 S   0.0   0.0   0:00.15 top
   2610 root      20   0    4752   3228   2976 S   0.0   0.0   0:00.00 monitoring.bash


2024-05-03_09:24:31
MiB Mem :   7613.1 total,   1713.4 free,   4400.1 used,   1768.3 buff/cache     
MiB Swap:   2048.0 total,   2038.4 free,      9.6 used.   3213.0 avail Mem 
   2611 root      20   0 1783584   1.7g   3036 R 100.0  22.9   0:21.58 mem.bash
   2612 root      20   0 1711116   1.6g   3100 R 100.0  21.9   0:21.57 mem2.bash
      1 user      20   0    4588   3392   3372 S   0.0   0.0   0:00.05 bash
     16 daemon    20   0    3780      0      0 S   0.0   0.0   0:00.00 atd
     25 root      20   0   11424     16      0 S   0.0   0.0   0:00.00 sudo
     26 root      20   0    4760   2664   2664 S   0.0   0.0   0:00.00 su
    804 user      20   0    8868   2232   1880 S   0.0   0.0   0:00.15 top
   2610 root      20   0    4752   3228   2976 S   0.0   0.0   0:00.00 monitoring.bash


2024-05-03_09:24:32
MiB Mem :   7613.1 total,   1498.2 free,   4615.4 used,   1768.3 buff/cache     
MiB Swap:   2048.0 total,   2038.4 free,      9.6 used.   2997.8 avail Mem 
   2611 root      20   0 1897368   1.8g   3036 R 100.0  24.3   0:22.96 mem.bash
   2612 root      20   0 1818828   1.7g   3100 R 100.0  23.3   0:22.97 mem2.bash
      1 user      20   0    4588   3392   3372 S   0.0   0.0   0:00.05 bash
     16 daemon    20   0    3780      0      0 S   0.0   0.0   0:00.00 atd
     25 root      20   0   11424     16      0 S   0.0   0.0   0:00.00 sudo
     26 root      20   0    4760   2664   2664 S   0.0   0.0   0:00.00 su
    804 user      20   0    8868   2232   1880 S   0.0   0.0   0:00.15 top
   2610 root      20   0    4752   3228   2976 S   0.0   0.0   0:00.00 monitoring.bash


2024-05-03_09:24:34
MiB Mem :   7613.1 total,   1272.2 free,   4841.4 used,   1768.3 buff/cache     
MiB Swap:   2048.0 total,   2038.4 free,      9.6 used.   2771.8 avail Mem 
   2611 root      20   0 2016300   1.9g   3036 R  90.9  25.8   0:24.37 mem.bash
   2612 root      20   0 1931952   1.8g   3100 R  90.9  24.8   0:24.38 mem2.bash
      1 user      20   0    4588   3392   3372 S   0.0   0.0   0:00.05 bash
     16 daemon    20   0    3780      0      0 S   0.0   0.0   0:00.00 atd
     25 root      20   0   11424     16      0 S   0.0   0.0   0:00.00 sudo
     26 root      20   0    4760   2664   2664 S   0.0   0.0   0:00.00 su
    804 user      20   0    8868   2232   1880 S   0.0   0.0   0:00.15 top
   2610 root      20   0    4752   3228   2976 S   0.0   0.0   0:00.00 monitoring.bash


2024-05-03_09:24:35
MiB Mem :   7613.1 total,   1058.1 free,   5055.5 used,   1768.3 buff/cache     
MiB Swap:   2048.0 total,   2038.4 free,      9.6 used.   2557.7 avail Mem 
   2611 root      20   0 2125464   2.0g   3036 R  90.9  27.2   0:25.77 mem.bash
   2612 root      20   0 2037684   1.9g   3100 R  81.8  26.1   0:25.77 mem2.bash
      1 user      20   0    4588   3392   3372 S   0.0   0.0   0:00.05 bash
     16 daemon    20   0    3780      0      0 S   0.0   0.0   0:00.00 atd
     25 root      20   0   11424     16      0 S   0.0   0.0   0:00.00 sudo
     26 root      20   0    4760   2664   2664 S   0.0   0.0   0:00.00 su
    804 user      20   0    8868   2232   1880 S   0.0   0.0   0:00.15 top
   2610 root      20   0    4752   3228   2976 S   0.0   0.0   0:00.00 monitoring.bash


2024-05-03_09:24:37
MiB Mem :   7613.1 total,   1028.3 free,   5085.5 used,   1768.1 buff/cache     
MiB Swap:   2048.0 total,   1890.5 free,    157.5 used.   2527.7 avail Mem 
   2611 root      20   0 2220372   2.0g   3036 R  90.9  27.4   0:27.18 mem.bash
   2612 root      20   0 2128896   2.0g   3100 R  90.9  26.3   0:27.18 mem2.bash
      1 user      20   0    4588   3372   3372 S   0.0   0.0   0:00.05 bash
     16 daemon    20   0    3780      0      0 S   0.0   0.0   0:00.00 atd
     25 root      20   0   11424     16      0 S   0.0   0.0   0:00.00 sudo
     26 root      20   0    4760   2664   2664 S   0.0   0.0   0:00.00 su
    804 user      20   0    8868   1992   1648 S   0.0   0.0   0:00.15 top
   2610 root      20   0    4752   2976   2976 S   0.0   0.0   0:00.00 monitoring.bash


2024-05-03_09:24:38
MiB Mem :   7613.1 total,   1027.8 free,   5085.9 used,   1768.2 buff/cache     
MiB Swap:   2048.0 total,   1683.0 free,    365.0 used.   2527.3 avail Mem 
   2611 root      20   0 2326632   2.0g   3036 R  90.9  27.4   0:28.61 mem.bash
   2612 root      20   0 2233704   2.0g   3100 R  90.9  26.3   0:28.61 mem2.bash
      1 user      20   0    4588   3372   3372 S   0.0   0.0   0:00.05 bash
     16 daemon    20   0    3780      0      0 S   0.0   0.0   0:00.00 atd
     25 root      20   0   11424     16      0 S   0.0   0.0   0:00.00 sudo
     26 root      20   0    4760   2664   2664 S   0.0   0.0   0:00.00 su
    804 user      20   0    8868   1988   1648 S   0.0   0.0   0:00.15 top
   2610 root      20   0    4752   2976   2976 S   0.0   0.0   0:00.00 monitoring.bash


2024-05-03_09:24:39
MiB Mem :   7613.1 total,   1026.7 free,   5086.7 used,   1768.8 buff/cache     
MiB Swap:   2048.0 total,   1470.4 free,    577.6 used.   2526.5 avail Mem 
   2611 root      20   0 2434608   2.0g   3036 R 100.0  27.4   0:30.01 mem.bash
   2612 root      20   0 2339436   2.0g   3100 R 100.0  26.3   0:30.01 mem2.bash
      1 user      20   0    4588   3372   3372 S   0.0   0.0   0:00.05 bash
     16 daemon    20   0    3780      0      0 S   0.0   0.0   0:00.00 atd
     25 root      20   0   11424     16      0 S   0.0   0.0   0:00.00 sudo
     26 root      20   0    4760   2664   2664 S   0.0   0.0   0:00.00 su
    804 user      20   0    8868   1988   1648 S   0.0   0.0   0:00.15 top
   2610 root      20   0    4752   2976   2976 S   0.0   0.0   0:00.00 monitoring.bash


2024-05-03_09:24:41
MiB Mem :   7613.1 total,   1030.4 free,   5082.8 used,   1769.2 buff/cache     
MiB Swap:   2048.0 total,   1269.9 free,    778.1 used.   2530.3 avail Mem 
   2611 root      20   0 2541132   2.0g   3036 R 100.0  27.4   0:31.41 mem.bash
   2612 root      20   0 2441736   2.0g   3100 R  90.0  26.3   0:31.39 mem2.bash
      1 user      20   0    4588   3372   3372 S   0.0   0.0   0:00.05 bash
     16 daemon    20   0    3780      0      0 S   0.0   0.0   0:00.00 atd
     25 root      20   0   11424     16      0 S   0.0   0.0   0:00.00 sudo
     26 root      20   0    4760   2664   2664 S   0.0   0.0   0:00.00 su
    804 user      20   0    8868   1988   1648 S   0.0   0.0   0:00.16 top
   2610 root      20   0    4752   2976   2976 S   0.0   0.0   0:00.00 monitoring.bash


2024-05-03_09:24:42
MiB Mem :   7613.1 total,   1025.3 free,   5087.7 used,   1769.6 buff/cache     
MiB Swap:   2048.0 total,   1062.3 free,    985.7 used.   2525.4 avail Mem 
   2612 root      20   0 2546676   2.0g   3100 R 100.0  26.3   0:32.81 mem2.bash
   2611 root      20   0 2648976   2.0g   3036 R  90.0  27.3   0:32.81 mem.bash
      1 user      20   0    4588   3372   3372 S   0.0   0.0   0:00.05 bash
     16 daemon    20   0    3780      0      0 S   0.0   0.0   0:00.00 atd
     25 root      20   0   11424     16      0 S   0.0   0.0   0:00.00 sudo
     26 root      20   0    4760   2664   2664 S   0.0   0.0   0:00.00 su
    804 user      20   0    8868   1988   1648 S   0.0   0.0   0:00.16 top
   2610 root      20   0    4752   2976   2976 S   0.0   0.0   0:00.00 monitoring.bash


2024-05-03_09:24:44
MiB Mem :   7613.1 total,   1024.8 free,   5087.9 used,   1770.1 buff/cache     
MiB Swap:   2048.0 total,    859.6 free,   1188.4 used.   2525.2 avail Mem 
   2611 root      20   0 2750880   2.0g   3036 R 100.0  27.3   0:34.20 mem.bash
   2612 root      20   0 2649504   2.0g   3100 R 100.0  26.3   0:34.21 mem2.bash
      1 user      20   0    4588   3372   3372 S   0.0   0.0   0:00.05 bash
     16 daemon    20   0    3780      0      0 S   0.0   0.0   0:00.00 atd
     25 root      20   0   11424     16      0 S   0.0   0.0   0:00.00 sudo
     26 root      20   0    4760   2664   2664 S   0.0   0.0   0:00.00 su
    804 user      20   0    8868   1988   1648 S   0.0   0.0   0:00.16 top
   2610 root      20   0    4752   2976   2976 S   0.0   0.0   0:00.00 monitoring.bash


2024-05-03_09:24:45
MiB Mem :   7613.1 total,   1023.6 free,   5089.0 used,   1770.4 buff/cache     
MiB Swap:   2048.0 total,    666.1 free,   1381.9 used.   2524.2 avail Mem 
   2611 root      20   0 2851596   2.0g   3036 R  90.9  27.3   0:35.60 mem.bash
   2612 root      20   0 2743488   2.0g   3100 R  72.7  26.3   0:35.60 mem2.bash
      1 user      20   0    4588   3372   3372 S   0.0   0.0   0:00.05 bash
     16 daemon    20   0    3780      0      0 S   0.0   0.0   0:00.00 atd
     25 root      20   0   11424     16      0 S   0.0   0.0   0:00.00 sudo
     26 root      20   0    4760   2664   2664 S   0.0   0.0   0:00.00 su
    804 user      20   0    8868   1988   1648 S   0.0   0.0   0:00.16 top
   2610 root      20   0    4752   2976   2976 S   0.0   0.0   0:00.00 monitoring.bash


2024-05-03_09:24:47
MiB Mem :   7613.1 total,   1020.9 free,   5091.4 used,   1771.0 buff/cache     
MiB Swap:   2048.0 total,    471.1 free,   1576.9 used.   2521.7 avail Mem 
   2611 root      20   0 2956536   2.0g   3036 R 100.0  27.3   0:37.01 mem.bash
   2612 root      20   0 2843940   2.0g   3100 R  90.9  26.3   0:37.00 mem2.bash
      1 user      20   0    4588   3372   3372 S   0.0   0.0   0:00.05 bash
     16 daemon    20   0    3780      0      0 S   0.0   0.0   0:00.00 atd
     25 root      20   0   11424     16      0 S   0.0   0.0   0:00.00 sudo
     26 root      20   0    4760   2664   2664 S   0.0   0.0   0:00.00 su
    804 user      20   0    8868   1988   1648 S   0.0   0.0   0:00.16 top
   2610 root      20   0    4752   2976   2976 S   0.0   0.0   0:00.00 monitoring.bash


2024-05-03_09:24:48
MiB Mem :   7613.1 total,   1017.2 free,   5094.9 used,   1771.3 buff/cache     
MiB Swap:   2048.0 total,    267.1 free,   1780.9 used.   2518.2 avail Mem 
   2612 root      20   0 2945184   2.0g   3100 R  90.9  26.3   0:38.41 mem2.bash
   2611 root      20   0 3057252   2.0g   3036 R  72.7  27.3   0:38.39 mem.bash
      1 user      20   0    4588   3372   3372 S   0.0   0.0   0:00.05 bash
     16 daemon    20   0    3780      0      0 S   0.0   0.0   0:00.00 atd
     25 root      20   0   11424     16      0 S   0.0   0.0   0:00.00 sudo
     26 root      20   0    4760   2664   2664 S   0.0   0.0   0:00.00 su
    804 user      20   0    8868   1988   1648 S   0.0   0.0   0:00.16 top
   2610 root      20   0    4752   2976   2976 S   0.0   0.0   0:00.00 monitoring.bash


2024-05-03_09:24:49
MiB Mem :   7613.1 total,   1021.4 free,   5090.4 used,   1771.9 buff/cache     
MiB Swap:   2048.0 total,     61.2 free,   1986.8 used.   2522.7 avail Mem 
   2611 root      20   0 3168000   2.0g   3036 R  90.9  27.3   0:39.80 mem.bash
   2612 root      20   0 3051708   2.0g   3100 R  90.9  26.3   0:39.82 mem2.bash
      1 user      20   0    4588   3372   3372 S   0.0   0.0   0:00.05 bash
     16 daemon    20   0    3780      0      0 S   0.0   0.0   0:00.00 atd
     25 root      20   0   11424     16      0 S   0.0   0.0   0:00.00 sudo
     26 root      20   0    4760   2664   2664 S   0.0   0.0   0:00.00 su
    804 user      20   0    8868   1988   1648 S   0.0   0.0   0:00.16 top
   2610 root      20   0    4752   2976   2976 S   0.0   0.0   0:00.00 monitoring.bash


2024-05-03_09:24:51
MiB Mem :   7613.1 total,   3022.8 free,   3089.1 used,   1772.1 buff/cache     
MiB Swap:   2048.0 total,   1039.3 free,   1008.7 used.   4524.1 avail Mem 
   2612 root      20   0 3165492   2.0g   3100 R 100.0  27.5   0:41.20 mem2.bash
      1 user      20   0    4588   3372   3372 S   0.0   0.0   0:00.05 bash
     16 daemon    20   0    3780      0      0 S   0.0   0.0   0:00.00 atd
     17 user      20   0    4588   3336   3336 S   0.0   0.0   0:00.00 bash
     26 root      20   0    4760   2664   2664 S   0.0   0.0   0:00.00 su
     27 root      20   0    5120   3456   3456 S   0.0   0.0   0:00.16 bash
   2610 root      20   0    4752   2976   2976 S   0.0   0.0   0:00.00 monitoring.bash
   2616 root      20   0    4492   3268   2264 S   0.0   0.0   0:00.03 watch


2024-05-03_09:24:52
MiB Mem :   7613.1 total,   2900.5 free,   3211.3 used,   1772.1 buff/cache     
MiB Swap:   2048.0 total,   1039.3 free,   1008.7 used.   4401.9 avail Mem 
   2612 root      20   0 3286140   2.2g   3100 S 100.0  29.0   0:42.59 mem2.bash
      1 user      20   0    4588   3372   3372 S   0.0   0.0   0:00.05 bash
     16 daemon    20   0    3780      0      0 S   0.0   0.0   0:00.00 atd
     17 user      20   0    4588   3336   3336 S   0.0   0.0   0:00.00 bash
     26 root      20   0    4760   2664   2664 S   0.0   0.0   0:00.00 su
     27 root      20   0    5120   3456   3456 S   0.0   0.0   0:00.16 bash
   2610 root      20   0    4752   2976   2976 S   0.0   0.0   0:00.00 monitoring.bash
   2616 root      20   0    4492   3284   2280 S   0.0   0.0   0:00.04 watch


2024-05-03_09:24:54
MiB Mem :   7613.1 total,   2780.9 free,   3330.8 used,   1772.2 buff/cache     
MiB Swap:   2048.0 total,   1039.3 free,   1008.7 used.   4282.3 avail Mem 
   2612 root      20   0 3409560   2.3g   3100 R 100.0  30.6   0:43.97 mem2.bash
      1 user      20   0    4588   3372   3372 S   0.0   0.0   0:00.05 bash
     16 daemon    20   0    3780      0      0 S   0.0   0.0   0:00.00 atd
     17 user      20   0    4588   3336   3336 S   0.0   0.0   0:00.00 bash
     26 root      20   0    4760   2664   2664 S   0.0   0.0   0:00.00 su
     27 root      20   0    5120   3456   3456 S   0.0   0.0   0:00.16 bash
   2610 root      20   0    4752   2976   2976 S   0.0   0.0   0:00.00 monitoring.bash
   2616 root      20   0    4492   3284   2280 S   0.0   0.0   0:00.04 watch


2024-05-03_09:24:55
MiB Mem :   7613.1 total,   2661.6 free,   3450.1 used,   1772.2 buff/cache     
MiB Swap:   2048.0 total,   1039.3 free,   1008.7 used.   4163.1 avail Mem 
   2612 root      20   0 3524664   2.4g   3100 R  70.0  32.1   0:45.33 mem2.bash
      1 user      20   0    4588   3372   3372 S   0.0   0.0   0:00.05 bash
     16 daemon    20   0    3780      0      0 S   0.0   0.0   0:00.00 atd
     17 user      20   0    4588   3336   3336 S   0.0   0.0   0:00.00 bash
     26 root      20   0    4760   2664   2664 S   0.0   0.0   0:00.00 su
     27 root      20   0    5120   3456   3456 S   0.0   0.0   0:00.16 bash
   2610 root      20   0    4752   2976   2976 S   0.0   0.0   0:00.00 monitoring.bash
   2616 root      20   0    4492   3284   2280 S   0.0   0.0   0:00.04 watch


2024-05-03_09:24:57
MiB Mem :   7613.1 total,   2548.3 free,   3563.4 used,   1772.2 buff/cache     
MiB Swap:   2048.0 total,   1039.3 free,   1008.7 used.   4049.7 avail Mem 
   2612 root      20   0 3644124   2.5g   3100 R 100.0  33.6   0:46.73 mem2.bash
      1 user      20   0    4588   3372   3372 S   0.0   0.0   0:00.05 bash
     16 daemon    20   0    3780      0      0 S   0.0   0.0   0:00.00 atd
     17 user      20   0    4588   3336   3336 S   0.0   0.0   0:00.00 bash
     26 root      20   0    4760   2664   2664 S   0.0   0.0   0:00.00 su
     27 root      20   0    5120   3456   3456 S   0.0   0.0   0:00.16 bash
   2610 root      20   0    4752   2976   2976 S   0.0   0.0   0:00.00 monitoring.bash
   2616 root      20   0    4492   3284   2280 S   0.0   0.0   0:00.04 watch


2024-05-03_09:24:58
MiB Mem :   7613.1 total,   2435.6 free,   3676.1 used,   1772.2 buff/cache     
MiB Swap:   2048.0 total,   1039.3 free,   1008.7 used.   3937.0 avail Mem 
   2612 root      20   0 3758568   2.6g   3100 R  70.0  35.1   0:48.09 mem2.bash
      1 user      20   0    4588   3372   3372 S   0.0   0.0   0:00.05 bash
     16 daemon    20   0    3780      0      0 S   0.0   0.0   0:00.00 atd
     17 user      20   0    4588   3336   3336 S   0.0   0.0   0:00.00 bash
     26 root      20   0    4760   2664   2664 S   0.0   0.0   0:00.00 su
     27 root      20   0    5120   3456   3456 S   0.0   0.0   0:00.16 bash
   2610 root      20   0    4752   2976   2976 S   0.0   0.0   0:00.00 monitoring.bash
   2616 root      20   0    4492   3284   2280 S   0.0   0.0   0:00.04 watch


2024-05-03_09:24:59
MiB Mem :   7613.1 total,   2323.9 free,   3787.8 used,   1772.2 buff/cache     
MiB Swap:   2048.0 total,   1039.3 free,   1008.7 used.   3825.4 avail Mem 
   2612 root      20   0 3881592   2.7g   3100 R  90.9  36.7   0:49.49 mem2.bash
      1 user      20   0    4588   3372   3372 S   0.0   0.0   0:00.05 bash
     16 daemon    20   0    3780      0      0 S   0.0   0.0   0:00.00 atd
     17 user      20   0    4588   3336   3336 S   0.0   0.0   0:00.00 bash
     26 root      20   0    4760   2664   2664 S   0.0   0.0   0:00.00 su
     27 root      20   0    5120   3456   3456 S   0.0   0.0   0:00.16 bash
   2610 root      20   0    4752   2976   2976 S   0.0   0.0   0:00.00 monitoring.bash
   2616 root      20   0    4492   3284   2280 S   0.0   0.0   0:00.04 watch


2024-05-03_09:25:01
MiB Mem :   7613.1 total,   2201.8 free,   3909.9 used,   1772.2 buff/cache     
MiB Swap:   2048.0 total,   1039.3 free,   1008.7 used.   3703.2 avail Mem 
   2612 root      20   0 3997752   2.8g   3100 R  90.0  38.1   0:50.84 mem2.bash
      1 user      20   0    4588   3372   3372 S   0.0   0.0   0:00.05 bash
     16 daemon    20   0    3780      0      0 S   0.0   0.0   0:00.00 atd
     17 user      20   0    4588   3336   3336 S   0.0   0.0   0:00.00 bash
     26 root      20   0    4760   2664   2664 S   0.0   0.0   0:00.00 su
     27 root      20   0    5120   3456   3456 S   0.0   0.0   0:00.16 bash
   2610 root      20   0    4752   2976   2976 S   0.0   0.0   0:00.00 monitoring.bash
   2616 root      20   0    4492   3284   2280 S   0.0   0.0   0:00.04 watch


2024-05-03_09:25:02
MiB Mem :   7613.1 total,   2091.0 free,   4020.7 used,   1772.2 buff/cache     
MiB Swap:   2048.0 total,   1039.3 free,   1008.7 used.   3592.4 avail Mem 
   2612 root      20   0 4119456   3.0g   3100 R 100.0  39.7   0:52.23 mem2.bash
      1 user      20   0    4588   3372   3372 S   0.0   0.0   0:00.05 bash
     16 daemon    20   0    3780      0      0 S   0.0   0.0   0:00.00 atd
     17 user      20   0    4588   3336   3336 S   0.0   0.0   0:00.00 bash
     26 root      20   0    4760   2664   2664 S   0.0   0.0   0:00.00 su
     27 root      20   0    5120   3456   3456 S   0.0   0.0   0:00.16 bash
   2610 root      20   0    4752   2976   2976 S   0.0   0.0   0:00.00 monitoring.bash
   2616 root      20   0    4492   3284   2280 S   0.0   0.0   0:00.04 watch


2024-05-03_09:25:04
MiB Mem :   7613.1 total,   1968.2 free,   4143.5 used,   1772.2 buff/cache     
MiB Swap:   2048.0 total,   1039.3 free,   1008.7 used.   3469.6 avail Mem 
   2612 root      20   0 4236804   3.1g   3100 R 100.0  41.2   0:53.58 mem2.bash
      1 user      20   0    4588   3372   3372 S   0.0   0.0   0:00.05 bash
     16 daemon    20   0    3780      0      0 S   0.0   0.0   0:00.00 atd
     17 user      20   0    4588   3336   3336 S   0.0   0.0   0:00.00 bash
     26 root      20   0    4760   2664   2664 S   0.0   0.0   0:00.00 su
     27 root      20   0    5120   3456   3456 S   0.0   0.0   0:00.16 bash
   2610 root      20   0    4752   2976   2976 S   0.0   0.0   0:00.00 monitoring.bash
   2616 root      20   0    4492   3284   2280 S   0.0   0.0   0:00.04 watch


2024-05-03_09:25:05
MiB Mem :   7613.1 total,   1856.0 free,   4255.7 used,   1772.2 buff/cache     
MiB Swap:   2048.0 total,   1039.3 free,   1008.7 used.   3357.5 avail Mem 
   2612 root      20   0 4356000   3.2g   3100 R 100.0  42.7   0:54.97 mem2.bash
      1 user      20   0    4588   3372   3372 S   0.0   0.0   0:00.05 bash
     16 daemon    20   0    3780      0      0 S   0.0   0.0   0:00.00 atd
     17 user      20   0    4588   3336   3336 S   0.0   0.0   0:00.00 bash
     26 root      20   0    4760   2664   2664 S   0.0   0.0   0:00.00 su
     27 root      20   0    5120   3456   3456 S   0.0   0.0   0:00.16 bash
   2610 root      20   0    4752   2976   2976 S   0.0   0.0   0:00.00 monitoring.bash
   2616 root      20   0    4492   3284   2280 S   0.0   0.0   0:00.04 watch


2024-05-03_09:25:07
MiB Mem :   7613.1 total,   1737.9 free,   4373.8 used,   1772.2 buff/cache     
MiB Swap:   2048.0 total,   1039.3 free,   1008.7 used.   3239.4 avail Mem 
   2612 root      20   0 4469124   3.3g   3100 R 100.0  44.2   0:56.33 mem2.bash
      1 user      20   0    4588   3372   3372 S   0.0   0.0   0:00.05 bash
     16 daemon    20   0    3780      0      0 S   0.0   0.0   0:00.00 atd
     17 user      20   0    4588   3336   3336 S   0.0   0.0   0:00.00 bash
     26 root      20   0    4760   2664   2664 S   0.0   0.0   0:00.00 su
     27 root      20   0    5120   3456   3456 S   0.0   0.0   0:00.16 bash
   2610 root      20   0    4752   2976   2976 S   0.0   0.0   0:00.00 monitoring.bash
   2616 root      20   0    4492   3284   2280 S   0.0   0.0   0:00.04 watch


2024-05-03_09:25:08
MiB Mem :   7613.1 total,   1630.2 free,   4481.5 used,   1772.2 buff/cache     
MiB Swap:   2048.0 total,   1039.3 free,   1008.7 used.   3131.6 avail Mem 
   2612 root      20   0 4587396   3.4g   3100 R 100.0  45.7   0:57.71 mem2.bash
      1 user      20   0    4588   3372   3372 S   0.0   0.0   0:00.05 bash
     16 daemon    20   0    3780      0      0 S   0.0   0.0   0:00.00 atd
     17 user      20   0    4588   3336   3336 S   0.0   0.0   0:00.00 bash
     26 root      20   0    4760   2664   2664 S   0.0   0.0   0:00.00 su
     27 root      20   0    5120   3456   3456 S   0.0   0.0   0:00.16 bash
   2610 root      20   0    4752   2976   2976 S   0.0   0.0   0:00.00 monitoring.bash
   2616 root      20   0    4492   3284   2280 S   0.0   0.0   0:00.04 watch


2024-05-03_09:25:09
MiB Mem :   7613.1 total,   1508.2 free,   4603.4 used,   1772.2 buff/cache     
MiB Swap:   2048.0 total,   1039.3 free,   1008.7 used.   3009.7 avail Mem 
   2612 root      20   0 4701972   3.5g   3100 R 100.0  47.2   0:59.06 mem2.bash
      1 user      20   0    4588   3372   3372 S   0.0   0.0   0:00.05 bash
     16 daemon    20   0    3780      0      0 S   0.0   0.0   0:00.00 atd
     17 user      20   0    4588   3336   3336 S   0.0   0.0   0:00.00 bash
     26 root      20   0    4760   2664   2664 S   0.0   0.0   0:00.00 su
     27 root      20   0    5120   3456   3456 S   0.0   0.0   0:00.16 bash
   2610 root      20   0    4752   2976   2976 S   0.0   0.0   0:00.00 monitoring.bash
   2616 root      20   0    4492   3284   2280 S   0.0   0.0   0:00.04 watch


2024-05-03_09:25:11
MiB Mem :   7613.1 total,   1400.9 free,   4710.8 used,   1772.2 buff/cache     
MiB Swap:   2048.0 total,   1039.3 free,   1008.7 used.   2902.4 avail Mem 
   2612 root      20   0 4823940   3.6g   3100 R  90.9  48.7   1:00.45 mem2.bash
      1 user      20   0    4588   3372   3372 S   0.0   0.0   0:00.05 bash
     16 daemon    20   0    3780      0      0 S   0.0   0.0   0:00.00 atd
     17 user      20   0    4588   3336   3336 S   0.0   0.0   0:00.00 bash
     26 root      20   0    4760   2664   2664 S   0.0   0.0   0:00.00 su
     27 root      20   0    5120   3456   3456 S   0.0   0.0   0:00.16 bash
   2610 root      20   0    4752   2976   2976 S   0.0   0.0   0:00.00 monitoring.bash
   2616 root      20   0    4492   3284   2280 S   0.0   0.0   0:00.04 watch


2024-05-03_09:25:12
MiB Mem :   7613.1 total,   1280.4 free,   4831.3 used,   1772.2 buff/cache     
MiB Swap:   2048.0 total,   1039.3 free,   1008.7 used.   2781.8 avail Mem 
   2612 root      20   0 4937592   3.7g   3100 R 100.0  50.2   1:01.78 mem2.bash
      1 user      20   0    4588   3372   3372 S   0.0   0.0   0:00.05 bash
     16 daemon    20   0    3780      0      0 S   0.0   0.0   0:00.00 atd
     17 user      20   0    4588   3336   3336 S   0.0   0.0   0:00.00 bash
     26 root      20   0    4760   2664   2664 S   0.0   0.0   0:00.00 su
     27 root      20   0    5120   3456   3456 S   0.0   0.0   0:00.16 bash
   2610 root      20   0    4752   2976   2976 S   0.0   0.0   0:00.00 monitoring.bash
   2616 root      20   0    4492   3284   2280 S   0.0   0.0   0:00.05 watch


2024-05-03_09:25:14
MiB Mem :   7613.1 total,   1167.0 free,   4944.7 used,   1772.2 buff/cache     
MiB Swap:   2048.0 total,   1039.3 free,   1008.7 used.   2668.4 avail Mem 
   2612 root      20   0 5058900   3.8g   3100 R 100.0  51.8   1:03.16 mem2.bash
      1 user      20   0    4588   3372   3372 S   0.0   0.0   0:00.05 bash
     16 daemon    20   0    3780      0      0 S   0.0   0.0   0:00.00 atd
     17 user      20   0    4588   3336   3336 S   0.0   0.0   0:00.00 bash
     26 root      20   0    4760   2664   2664 S   0.0   0.0   0:00.00 su
     27 root      20   0    5120   3456   3456 S   0.0   0.0   0:00.16 bash
   2610 root      20   0    4752   2976   2976 S   0.0   0.0   0:00.00 monitoring.bash
   2616 root      20   0    4492   3284   2280 S   0.0   0.0   0:00.05 watch


2024-05-03_09:25:15
MiB Mem :   7613.1 total,   1048.0 free,   5063.7 used,   1772.2 buff/cache     
MiB Swap:   2048.0 total,   1039.3 free,   1008.7 used.   2549.4 avail Mem 
   2612 root      20   0 5170572   4.0g   3100 R 100.0  53.2   1:04.49 mem2.bash
      1 user      20   0    4588   3372   3372 S   0.0   0.0   0:00.05 bash
     16 daemon    20   0    3780      0      0 S   0.0   0.0   0:00.00 atd
     17 user      20   0    4588   3336   3336 S   0.0   0.0   0:00.00 bash
     26 root      20   0    4760   2664   2664 S   0.0   0.0   0:00.00 su
     27 root      20   0    5120   3456   3456 S   0.0   0.0   0:00.16 bash
   2610 root      20   0    4752   2976   2976 S   0.0   0.0   0:00.00 monitoring.bash
   2616 root      20   0    4492   3284   2280 S   0.0   0.0   0:00.05 watch


2024-05-03_09:25:17
MiB Mem :   7613.1 total,   1017.1 free,   5094.6 used,   1772.2 buff/cache     
MiB Swap:   2048.0 total,    969.1 free,   1078.9 used.   2518.5 avail Mem 
   2612 root      20   0 5280792   4.0g   3100 R  90.0  53.6   1:05.87 mem2.bash
      1 user      20   0    4588   3372   3372 S   0.0   0.0   0:00.05 bash
     16 daemon    20   0    3780      0      0 S   0.0   0.0   0:00.00 atd
     17 user      20   0    4588   3336   3336 S   0.0   0.0   0:00.00 bash
     26 root      20   0    4760   2664   2664 S   0.0   0.0   0:00.00 su
     27 root      20   0    5120   3456   3456 S   0.0   0.0   0:00.16 bash
   2610 root      20   0    4752   2976   2976 S   0.0   0.0   0:00.00 monitoring.bash
   2616 root      20   0    4492   3284   2280 S   0.0   0.0   0:00.05 watch


2024-05-03_09:25:18
MiB Mem :   7613.1 total,   1017.9 free,   5093.8 used,   1772.2 buff/cache     
MiB Swap:   2048.0 total,    861.9 free,   1186.1 used.   2519.3 avail Mem 
   2612 root      20   0 5391144   4.0g   3100 R 100.0  53.6   1:07.26 mem2.bash
      1 user      20   0    4588   3372   3372 S   0.0   0.0   0:00.05 bash
     16 daemon    20   0    3780      0      0 S   0.0   0.0   0:00.00 atd
     17 user      20   0    4588   3336   3336 S   0.0   0.0   0:00.00 bash
     26 root      20   0    4760   2664   2664 S   0.0   0.0   0:00.00 su
     27 root      20   0    5120   3456   3456 S   0.0   0.0   0:00.16 bash
   2610 root      20   0    4752   2976   2976 S   0.0   0.0   0:00.00 monitoring.bash
   2616 root      20   0    4492   3284   2280 S   0.0   0.0   0:00.06 watch


2024-05-03_09:25:19
MiB Mem :   7613.1 total,   1023.5 free,   5088.2 used,   1772.2 buff/cache     
MiB Swap:   2048.0 total,    756.4 free,   1291.6 used.   2525.0 avail Mem 
   2612 root      20   0 5496744   4.0g   3100 R 100.0  53.6   1:08.60 mem2.bash
      1 user      20   0    4588   3372   3372 S   0.0   0.0   0:00.05 bash
     16 daemon    20   0    3780      0      0 S   0.0   0.0   0:00.00 atd
     17 user      20   0    4588   3336   3336 S   0.0   0.0   0:00.00 bash
     26 root      20   0    4760   2664   2664 S   0.0   0.0   0:00.00 su
     27 root      20   0    5120   3456   3456 S   0.0   0.0   0:00.16 bash
   2610 root      20   0    4752   2976   2976 S   0.0   0.0   0:00.00 monitoring.bash
   2616 root      20   0    4492   3284   2280 S   0.0   0.0   0:00.06 watch


2024-05-03_09:25:21
MiB Mem :   7613.1 total,   1023.2 free,   5088.5 used,   1772.2 buff/cache     
MiB Swap:   2048.0 total,    647.9 free,   1400.1 used.   2524.6 avail Mem 
   2612 root      20   0 5608284   4.0g   3100 R  90.9  53.6   1:09.98 mem2.bash
      1 user      20   0    4588   3372   3372 S   0.0   0.0   0:00.05 bash
     16 daemon    20   0    3780      0      0 S   0.0   0.0   0:00.00 atd
     17 user      20   0    4588   3336   3336 S   0.0   0.0   0:00.00 bash
     26 root      20   0    4760   2664   2664 S   0.0   0.0   0:00.00 su
     27 root      20   0    5120   3456   3456 S   0.0   0.0   0:00.16 bash
   2610 root      20   0    4752   2976   2976 S   0.0   0.0   0:00.00 monitoring.bash
   2616 root      20   0    4492   3284   2280 S   0.0   0.0   0:00.06 watch


2024-05-03_09:25:22
MiB Mem :   7613.1 total,   1018.6 free,   5093.1 used,   1772.2 buff/cache     
MiB Swap:   2048.0 total,    536.5 free,   1511.5 used.   2520.0 avail Mem 
   2612 root      20   0 5711244   4.0g   3100 R  50.0  53.4   1:11.31 mem2.bash
      1 user      20   0    4588   3372   3372 S   0.0   0.0   0:00.05 bash
     16 daemon    20   0    3780      0      0 S   0.0   0.0   0:00.00 atd
     17 user      20   0    4588   3336   3336 S   0.0   0.0   0:00.00 bash
     26 root      20   0    4760   2664   2664 S   0.0   0.0   0:00.00 su
     27 root      20   0    5120   3456   3456 S   0.0   0.0   0:00.16 bash
   2610 root      20   0    4752   2976   2976 S   0.0   0.0   0:00.00 monitoring.bash
   2616 root      20   0    4492   3284   2280 S   0.0   0.0   0:00.06 watch


2024-05-03_09:25:24
MiB Mem :   7613.1 total,   1024.0 free,   5087.6 used,   1772.2 buff/cache     
MiB Swap:   2048.0 total,    437.6 free,   1610.4 used.   2525.5 avail Mem 
   2612 root      20   0 5823972   4.0g   3100 R  90.9  53.6   1:12.69 mem2.bash
      1 user      20   0    4588   3372   3372 S   0.0   0.0   0:00.05 bash
     16 daemon    20   0    3780      0      0 S   0.0   0.0   0:00.00 atd
     17 user      20   0    4588   3336   3336 S   0.0   0.0   0:00.00 bash
     26 root      20   0    4760   2664   2664 S   0.0   0.0   0:00.00 su
     27 root      20   0    5120   3456   3456 S   0.0   0.0   0:00.16 bash
   2610 root      20   0    4752   2976   2976 S   0.0   0.0   0:00.00 monitoring.bash
   2616 root      20   0    4492   3284   2280 S   0.0   0.0   0:00.06 watch


2024-05-03_09:25:25
MiB Mem :   7613.1 total,   1019.9 free,   5091.8 used,   1772.2 buff/cache     
MiB Swap:   2048.0 total,    330.2 free,   1717.8 used.   2521.4 avail Mem 
   2612 root      20   0 5933532   4.0g   3100 R  90.9  53.6   1:14.07 mem2.bash
      1 user      20   0    4588   3372   3372 S   0.0   0.0   0:00.05 bash
     16 daemon    20   0    3780      0      0 S   0.0   0.0   0:00.00 atd
     17 user      20   0    4588   3336   3336 S   0.0   0.0   0:00.00 bash
     26 root      20   0    4760   2664   2664 S   0.0   0.0   0:00.00 su
     27 root      20   0    5120   3456   3456 S   0.0   0.0   0:00.16 bash
   2610 root      20   0    4752   2976   2976 S   0.0   0.0   0:00.00 monitoring.bash
   2616 root      20   0    4492   3284   2280 S   0.0   0.0   0:00.06 watch


2024-05-03_09:25:27
MiB Mem :   7613.1 total,   1029.3 free,   5082.4 used,   1772.2 buff/cache     
MiB Swap:   2048.0 total,    222.8 free,   1825.2 used.   2530.7 avail Mem 
   2612 root      20   0 6035568   4.0g   3100 R 100.0  53.6   1:15.41 mem2.bash
      1 user      20   0    4588   3372   3372 S   0.0   0.0   0:00.05 bash
     16 daemon    20   0    3780      0      0 S   0.0   0.0   0:00.00 atd
     17 user      20   0    4588   3336   3336 S   0.0   0.0   0:00.00 bash
     26 root      20   0    4760   2664   2664 S   0.0   0.0   0:00.00 su
     27 root      20   0    5120   3456   3456 S   0.0   0.0   0:00.16 bash
   2610 root      20   0    4752   2976   2976 S   0.0   0.0   0:00.00 monitoring.bash
   2616 root      20   0    4492   3284   2280 S   0.0   0.0   0:00.06 watch


2024-05-03_09:25:28
MiB Mem :   7613.1 total,   1020.6 free,   5091.1 used,   1772.2 buff/cache     
MiB Swap:   2048.0 total,    122.7 free,   1925.3 used.   2522.0 avail Mem 
   2612 root      20   0 6145260   4.0g   3100 R 100.0  53.6   1:16.78 mem2.bash
      1 user      20   0    4588   3372   3372 S   0.0   0.0   0:00.05 bash
     16 daemon    20   0    3780      0      0 S   0.0   0.0   0:00.00 atd
     17 user      20   0    4588   3336   3336 S   0.0   0.0   0:00.00 bash
     26 root      20   0    4760   2664   2664 S   0.0   0.0   0:00.00 su
     27 root      20   0    5120   3456   3456 S   0.0   0.0   0:00.16 bash
   2610 root      20   0    4752   2976   2976 S   0.0   0.0   0:00.00 monitoring.bash
   2616 root      20   0    4492   3284   2280 S   0.0   0.0   0:00.06 watch


2024-05-03_09:25:30
MiB Mem :   7613.1 total,   1018.2 free,   5093.9 used,   1772.0 buff/cache     
MiB Swap:   2048.0 total,     18.1 free,   2029.9 used.   2519.3 avail Mem 
   2612 root      20   0 6252048   4.0g   3100 R 100.0  53.6   1:18.28 mem2.bash
      1 user      20   0    4588   3372   3372 S   0.0   0.0   0:00.05 bash
     16 daemon    20   0    3780      0      0 S   0.0   0.0   0:00.00 atd
     17 user      20   0    4588   3336   3336 S   0.0   0.0   0:00.00 bash
     26 root      20   0    4760   2664   2664 S   0.0   0.0   0:00.00 su
     27 root      20   0    5120   3456   3456 S   0.0   0.0   0:00.16 bash
   2610 root      20   0    4752   2976   2976 S   0.0   0.0   0:00.00 monitoring.bash
   2616 root      20   0    4492   3268   2264 S   0.0   0.0   0:00.06 watch